mode: atomic
github.com/pulumi/pulumi/sdk/v3/go/common/diag/diag.go:37.50,39.2 1 0
github.com/pulumi/pulumi/sdk/v3/go/common/diag/diag.go:43.53,45.2 1 0
github.com/pulumi/pulumi/sdk/v3/go/common/diag/diag.go:50.72,52.2 1 0
github.com/pulumi/pulumi/sdk/v3/go/common/diag/errors.go:22.62,24.2 1 0
github.com/pulumi/pulumi/sdk/v3/go/common/diag/errors.go:28.62,30.2 1 0
github.com/pulumi/pulumi/sdk/v3/go/common/diag/errors.go:32.59,34.2 1 0
github.com/pulumi/pulumi/sdk/v3/go/common/diag/errors.go:36.54,38.2 1 0
github.com/pulumi/pulumi/sdk/v3/go/common/diag/errors.go:40.67,42.2 1 0
github.com/pulumi/pulumi/sdk/v3/go/common/diag/errors.go:44.52,46.2 1 0
github.com/pulumi/pulumi/sdk/v3/go/common/diag/errors.go:48.50,50.2 1 0
github.com/pulumi/pulumi/sdk/v3/go/common/diag/errors.go:52.54,54.2 1 0
github.com/pulumi/pulumi/sdk/v3/go/common/diag/errors.go:56.61,60.2 1 0
github.com/pulumi/pulumi/sdk/v3/go/common/diag/errors.go:62.44,64.2 1 0
github.com/pulumi/pulumi/sdk/v3/go/common/diag/errors.go:66.56,69.2 1 0
github.com/pulumi/pulumi/sdk/v3/go/common/diag/errors.go:71.89,73.2 1 0
github.com/pulumi/pulumi/sdk/v3/go/common/diag/errors.go:75.85,77.2 1 0
github.com/pulumi/pulumi/sdk/v3/go/common/diag/errors.go:79.87,82.2 1 0
github.com/pulumi/pulumi/sdk/v3/go/common/diag/errors.go:84.55,86.2 1 0
github.com/pulumi/pulumi/sdk/v3/go/common/diag/errors.go:88.63,92.2 1 0
github.com/pulumi/pulumi/sdk/v3/go/common/diag/sink.go:66.79,72.9 5 0
github.com/pulumi/pulumi/sdk/v3/go/common/diag/sink.go:72.9,73.16 1 0
github.com/pulumi/pulumi/sdk/v3/go/common/diag/sink.go:73.16,77.4 1 0
github.com/pulumi/pulumi/sdk/v3/go/common/diag/sink.go:79.3,79.23 1 0
github.com/pulumi/pulumi/sdk/v3/go/common/diag/sink.go:79.23,83.4 1 0
github.com/pulumi/pulumi/sdk/v3/go/common/diag/sink.go:88.2,93.16 4 0
github.com/pulumi/pulumi/sdk/v3/go/common/diag/sink.go:93.16,95.3 1 0
github.com/pulumi/pulumi/sdk/v3/go/common/diag/sink.go:97.2,103.4 1 0
github.com/pulumi/pulumi/sdk/v3/go/common/diag/sink.go:106.86,117.2 7 0
github.com/pulumi/pulumi/sdk/v3/go/common/diag/sink.go:127.75,128.13 1 0
github.com/pulumi/pulumi/sdk/v3/go/common/diag/sink.go:129.13,130.26 1 0
github.com/pulumi/pulumi/sdk/v3/go/common/diag/sink.go:131.12,132.25 1 0
github.com/pulumi/pulumi/sdk/v3/go/common/diag/sink.go:133.15,134.28 1 0
github.com/pulumi/pulumi/sdk/v3/go/common/diag/sink.go:135.15,136.28 1 0
github.com/pulumi/pulumi/sdk/v3/go/common/diag/sink.go:137.13,138.26 1 0
github.com/pulumi/pulumi/sdk/v3/go/common/diag/sink.go:139.10,140.51 1 0
github.com/pulumi/pulumi/sdk/v3/go/common/diag/sink.go:144.91,147.2 2 0
github.com/pulumi/pulumi/sdk/v3/go/common/diag/sink.go:149.63,153.18 3 0
github.com/pulumi/pulumi/sdk/v3/go/common/diag/sink.go:153.18,155.3 1 0
github.com/pulumi/pulumi/sdk/v3/go/common/diag/sink.go:156.2,156.21 1 0
github.com/pulumi/pulumi/sdk/v3/go/common/diag/sink.go:159.62,161.18 2 0
github.com/pulumi/pulumi/sdk/v3/go/common/diag/sink.go:161.18,163.3 1 0
github.com/pulumi/pulumi/sdk/v3/go/common/diag/sink.go:164.2,164.20 1 0
github.com/pulumi/pulumi/sdk/v3/go/common/diag/sink.go:167.65,169.18 2 0
github.com/pulumi/pulumi/sdk/v3/go/common/diag/sink.go:169.18,171.3 1 0
github.com/pulumi/pulumi/sdk/v3/go/common/diag/sink.go:172.2,172.23 1 0
github.com/pulumi/pulumi/sdk/v3/go/common/diag/sink.go:175.63,177.18 2 0
github.com/pulumi/pulumi/sdk/v3/go/common/diag/sink.go:177.18,179.3 1 0
github.com/pulumi/pulumi/sdk/v3/go/common/diag/sink.go:180.2,180.21 1 0
github.com/pulumi/pulumi/sdk/v3/go/common/diag/sink.go:183.65,185.18 2 0
github.com/pulumi/pulumi/sdk/v3/go/common/diag/sink.go:185.18,187.3 1 0
github.com/pulumi/pulumi/sdk/v3/go/common/diag/sink.go:188.2,188.23 1 0
github.com/pulumi/pulumi/sdk/v3/go/common/diag/sink.go:191.55,193.2 1 0
github.com/pulumi/pulumi/sdk/v3/go/common/diag/sink.go:195.97,197.35 2 0
github.com/pulumi/pulumi/sdk/v3/go/common/diag/sink.go:197.35,199.14 1 0
github.com/pulumi/pulumi/sdk/v3/go/common/diag/sink.go:200.14,201.40 1 0
github.com/pulumi/pulumi/sdk/v3/go/common/diag/sink.go:202.14,203.40 1 0
github.com/pulumi/pulumi/sdk/v3/go/common/diag/sink.go:204.16,205.42 1 0
github.com/pulumi/pulumi/sdk/v3/go/common/diag/sink.go:206.11,207.63 1 0
github.com/pulumi/pulumi/sdk/v3/go/common/diag/sink.go:210.3,212.35 3 0
github.com/pulumi/pulumi/sdk/v3/go/common/diag/sink.go:216.2,219.14 3 0
github.com/pulumi/pulumi/sdk/v3/go/common/diag/sink.go:219.14,221.3 1 0
github.com/pulumi/pulumi/sdk/v3/go/common/diag/sink.go:221.8,223.3 1 0
github.com/pulumi/pulumi/sdk/v3/go/common/diag/sink.go:225.2,232.80 4 0
github.com/pulumi/pulumi/sdk/v3/go/common/diag/sink.go:243.51,247.2 3 0
github.com/pulumi/pulumi/sdk/v3/go/common/diag/colors/colors.go:37.31,39.2 1 19
github.com/pulumi/pulumi/sdk/v3/go/common/diag/colors/colors.go:43.42,46.36 2 0
github.com/pulumi/pulumi/sdk/v3/go/common/diag/colors/colors.go:46.36,48.3 1 0
github.com/pulumi/pulumi/sdk/v3/go/common/diag/colors/colors.go:49.2,49.32 1 0
github.com/pulumi/pulumi/sdk/v3/go/common/diag/colors/colors.go:49.32,51.34 2 0
github.com/pulumi/pulumi/sdk/v3/go/common/diag/colors/colors.go:51.34,53.4 1 0
github.com/pulumi/pulumi/sdk/v3/go/common/diag/colors/colors.go:54.3,54.64 1 0
github.com/pulumi/pulumi/sdk/v3/go/common/diag/colors/colors.go:58.2,59.25 2 0
github.com/pulumi/pulumi/sdk/v3/go/common/diag/colors/colors.go:59.25,61.3 1 0
github.com/pulumi/pulumi/sdk/v3/go/common/diag/colors/colors.go:65.2,65.53 1 0
github.com/pulumi/pulumi/sdk/v3/go/common/diag/colors/colors.go:65.53,67.3 1 0
github.com/pulumi/pulumi/sdk/v3/go/common/diag/colors/colors.go:70.2,70.26 1 0
github.com/pulumi/pulumi/sdk/v3/go/common/diag/colors/colors.go:73.38,75.2 1 0
github.com/pulumi/pulumi/sdk/v3/go/common/diag/colors/colors.go:77.53,84.2 6 0
github.com/pulumi/pulumi/sdk/v3/go/common/diag/colors/colors.go:86.73,87.39 1 0
github.com/pulumi/pulumi/sdk/v3/go/common/diag/colors/colors.go:87.39,89.3 1 0
github.com/pulumi/pulumi/sdk/v3/go/common/diag/colors/colors.go:90.2,90.14 1 0
github.com/pulumi/pulumi/sdk/v3/go/common/diag/colors/colors.go:90.14,94.3 3 0
github.com/pulumi/pulumi/sdk/v3/go/common/diag/colors/colors.go:96.2,96.19 1 0
github.com/pulumi/pulumi/sdk/v3/go/common/diag/colors/colors.go:97.13,98.21 1 0
github.com/pulumi/pulumi/sdk/v3/go/common/diag/colors/colors.go:99.12,100.21 1 0
github.com/pulumi/pulumi/sdk/v3/go/common/diag/colors/colors.go:101.17,102.21 1 0
github.com/pulumi/pulumi/sdk/v3/go/common/diag/colors/colors.go:103.11,104.32 1 0
github.com/pulumi/pulumi/sdk/v3/go/common/diag/colors/colors.go:105.13,106.32 1 0
github.com/pulumi/pulumi/sdk/v3/go/common/diag/colors/colors.go:107.14,108.32 1 0
github.com/pulumi/pulumi/sdk/v3/go/common/diag/colors/colors.go:109.12,110.32 1 0
github.com/pulumi/pulumi/sdk/v3/go/common/diag/colors/colors.go:111.15,112.32 1 0
github.com/pulumi/pulumi/sdk/v3/go/common/diag/colors/colors.go:113.12,114.32 1 0
github.com/pulumi/pulumi/sdk/v3/go/common/diag/colors/colors.go:115.17,116.32 1 0
github.com/pulumi/pulumi/sdk/v3/go/common/diag/colors/colors.go:117.19,118.33 1 0
github.com/pulumi/pulumi/sdk/v3/go/common/diag/colors/colors.go:119.18,120.33 1 0
github.com/pulumi/pulumi/sdk/v3/go/common/diag/colors/colors.go:121.21,122.33 1 0
github.com/pulumi/pulumi/sdk/v3/go/common/diag/colors/colors.go:123.18,124.33 1 0
github.com/pulumi/pulumi/sdk/v3/go/common/diag/colors/colors.go:125.21,126.32 1 0
github.com/pulumi/pulumi/sdk/v3/go/common/diag/colors/colors.go:127.23,128.32 1 0
github.com/pulumi/pulumi/sdk/v3/go/common/diag/colors/colors.go:129.24,130.32 1 0
github.com/pulumi/pulumi/sdk/v3/go/common/diag/colors/colors.go:131.22,132.32 1 0
github.com/pulumi/pulumi/sdk/v3/go/common/diag/colors/colors.go:133.13,134.32 1 0
github.com/pulumi/pulumi/sdk/v3/go/common/diag/colors/colors.go:135.10,136.59 1 0
github.com/pulumi/pulumi/sdk/v3/go/common/diag/colors/colors.go:144.56,145.24 1 0
github.com/pulumi/pulumi/sdk/v3/go/common/diag/colors/colors.go:145.24,147.3 1 0
github.com/pulumi/pulumi/sdk/v3/go/common/diag/colors/colors.go:150.2,151.30 2 0
github.com/pulumi/pulumi/sdk/v3/go/common/diag/colors/colors.go:151.30,154.3 2 0
github.com/pulumi/pulumi/sdk/v3/go/common/diag/colors/colors.go:157.2,162.28 3 0
github.com/pulumi/pulumi/sdk/v3/go/common/diag/colors/colors.go:162.28,169.3 3 0
github.com/pulumi/pulumi/sdk/v3/go/common/diag/colors/colors.go:169.8,171.3 1 0
github.com/pulumi/pulumi/sdk/v3/go/common/diag/colors/colors.go:172.2,172.13 1 0
github.com/pulumi/pulumi/sdk/v3/go/common/diag/colors/colors.go:175.66,181.32 5 0
github.com/pulumi/pulumi/sdk/v3/go/common/diag/colors/colors.go:181.32,183.26 1 0
github.com/pulumi/pulumi/sdk/v3/go/common/diag/colors/colors.go:183.26,184.21 1 0
github.com/pulumi/pulumi/sdk/v3/go/common/diag/colors/colors.go:184.21,186.5 1 0
github.com/pulumi/pulumi/sdk/v3/go/common/diag/colors/colors.go:187.4,187.15 1 0
github.com/pulumi/pulumi/sdk/v3/go/common/diag/colors/colors.go:190.3,190.28 1 0
github.com/pulumi/pulumi/sdk/v3/go/common/diag/colors/colors.go:190.28,192.4 1 0
github.com/pulumi/pulumi/sdk/v3/go/common/diag/colors/colors.go:194.3,194.20 1 0
github.com/pulumi/pulumi/sdk/v3/go/common/diag/colors/colors.go:194.20,196.25 2 0
github.com/pulumi/pulumi/sdk/v3/go/common/diag/colors/colors.go:196.25,197.26 1 0
github.com/pulumi/pulumi/sdk/v3/go/common/diag/colors/colors.go:197.26,198.15 1 0
github.com/pulumi/pulumi/sdk/v3/go/common/diag/colors/colors.go:198.15,200.7 1 0
github.com/pulumi/pulumi/sdk/v3/go/common/diag/colors/colors.go:201.6,201.25 1 0
github.com/pulumi/pulumi/sdk/v3/go/common/diag/colors/colors.go:203.5,206.12 4 0
github.com/pulumi/pulumi/sdk/v3/go/common/diag/colors/colors.go:208.9,211.4 2 0
github.com/pulumi/pulumi/sdk/v3/go/common/diag/colors/colors.go:213.3,213.22 1 0
github.com/pulumi/pulumi/sdk/v3/go/common/diag/colors/colors.go:213.22,215.4 1 0
github.com/pulumi/pulumi/sdk/v3/go/common/diag/colors/colors.go:217.3,217.29 1 0
github.com/pulumi/pulumi/sdk/v3/go/common/diag/colors/colors.go:220.2,220.21 1 0
github.com/pulumi/pulumi/sdk/v3/go/common/diag/colors/colors.go:223.32,228.32 4 0
github.com/pulumi/pulumi/sdk/v3/go/common/diag/colors/colors.go:228.32,230.3 1 0
github.com/pulumi/pulumi/sdk/v3/go/common/diag/colors/colors.go:232.2,232.14 1 0
github.com/pulumi/pulumi/sdk/v3/go/common/diag/colors/colors.go:235.49,239.62 3 0
github.com/pulumi/pulumi/sdk/v3/go/common/diag/colors/colors.go:239.62,242.3 2 0
github.com/pulumi/pulumi/sdk/v3/go/common/diag/colors/colors.go:244.2,244.16 1 0
github.com/pulumi/pulumi/sdk/v3/go/common/diag/colors/colors.go:249.49,251.2 1 0
github.com/pulumi/pulumi/sdk/v3/go/common/diag/colors/diag.go:33.49,35.2 1 0
github.com/pulumi/pulumi/sdk/v3/go/common/diag/colors/diag.go:39.75,40.11 1 0
github.com/pulumi/pulumi/sdk/v3/go/common/diag/colors/diag.go:41.11,43.11 1 0
github.com/pulumi/pulumi/sdk/v3/go/common/diag/colors/diag.go:44.14,46.43 1 0
github.com/pulumi/pulumi/sdk/v3/go/common/diag/colors/diag.go:47.13,48.42 1 0
github.com/pulumi/pulumi/sdk/v3/go/common/diag/colors/diag.go:49.10,51.12 2 0
github.com/pulumi/pulumi/sdk/v3/go/common/diag/colors/diag.go:61.57,63.2 1 0
github.com/pulumi/pulumi/sdk/v3/go/common/diag/colors/diag.go:67.43,69.2 1 0
github.com/pulumi/pulumi/sdk/v3/go/common/env/env.go:29.34,29.58 1 0
github.com/pulumi/pulumi/sdk/v3/go/common/env/env.go:32.23,34.2 1 0
github.com/pulumi/pulumi/sdk/v3/go/common/resource/alias.go:18.30,19.17 1 0
github.com/pulumi/pulumi/sdk/v3/go/common/resource/alias.go:19.17,21.3 1 0
github.com/pulumi/pulumi/sdk/v3/go/common/resource/alias.go:22.2,22.64 1 0
github.com/pulumi/pulumi/sdk/v3/go/common/resource/alias.go:26.85,27.89 1 0
github.com/pulumi/pulumi/sdk/v3/go/common/resource/alias.go:27.89,30.19 3 0
github.com/pulumi/pulumi/sdk/v3/go/common/resource/alias.go:30.19,32.4 1 0
github.com/pulumi/pulumi/sdk/v3/go/common/resource/alias.go:32.9,34.16 2 0
github.com/pulumi/pulumi/sdk/v3/go/common/resource/alias.go:34.16,35.80 1 0
github.com/pulumi/pulumi/sdk/v3/go/common/resource/alias.go:37.4,37.43 1 0
github.com/pulumi/pulumi/sdk/v3/go/common/resource/alias.go:39.3,39.45 1 0
github.com/pulumi/pulumi/sdk/v3/go/common/resource/alias.go:41.2,41.51 1 0
github.com/pulumi/pulumi/sdk/v3/go/common/resource/asset.go:72.48,76.2 3 0
github.com/pulumi/pulumi/sdk/v3/go/common/resource/asset.go:79.48,83.2 3 0
github.com/pulumi/pulumi/sdk/v3/go/common/resource/asset.go:86.46,90.2 3 0
github.com/pulumi/pulumi/sdk/v3/go/common/resource/asset.go:92.31,92.67 1 0
github.com/pulumi/pulumi/sdk/v3/go/common/resource/asset.go:93.31,93.54 1 0
github.com/pulumi/pulumi/sdk/v3/go/common/resource/asset.go:94.31,94.53 1 0
github.com/pulumi/pulumi/sdk/v3/go/common/resource/asset.go:96.42,97.16 1 0
github.com/pulumi/pulumi/sdk/v3/go/common/resource/asset.go:97.16,99.3 1 0
github.com/pulumi/pulumi/sdk/v3/go/common/resource/asset.go:100.2,100.18 1 0
github.com/pulumi/pulumi/sdk/v3/go/common/resource/asset.go:103.42,104.16 1 0
github.com/pulumi/pulumi/sdk/v3/go/common/resource/asset.go:104.16,106.3 1 0
github.com/pulumi/pulumi/sdk/v3/go/common/resource/asset.go:107.2,107.18 1 0
github.com/pulumi/pulumi/sdk/v3/go/common/resource/asset.go:110.41,111.15 1 0
github.com/pulumi/pulumi/sdk/v3/go/common/resource/asset.go:111.15,113.3 1 0
github.com/pulumi/pulumi/sdk/v3/go/common/resource/asset.go:114.2,114.18 1 0
github.com/pulumi/pulumi/sdk/v3/go/common/resource/asset.go:128.42,129.17 1 0
github.com/pulumi/pulumi/sdk/v3/go/common/resource/asset.go:129.17,131.3 1 0
github.com/pulumi/pulumi/sdk/v3/go/common/resource/asset.go:133.2,137.38 2 0
github.com/pulumi/pulumi/sdk/v3/go/common/resource/asset.go:153.69,154.11 1 0
github.com/pulumi/pulumi/sdk/v3/go/common/resource/asset.go:154.11,156.3 1 0
github.com/pulumi/pulumi/sdk/v3/go/common/resource/asset.go:159.2,159.32 1 0
github.com/pulumi/pulumi/sdk/v3/go/common/resource/asset.go:159.32,161.3 1 0
github.com/pulumi/pulumi/sdk/v3/go/common/resource/asset.go:163.2,164.28 2 0
github.com/pulumi/pulumi/sdk/v3/go/common/resource/asset.go:164.28,165.7 1 0
github.com/pulumi/pulumi/sdk/v3/go/common/resource/asset.go:165.7,167.33 2 0
github.com/pulumi/pulumi/sdk/v3/go/common/resource/asset.go:167.33,168.10 1 0
github.com/pulumi/pulumi/sdk/v3/go/common/resource/asset.go:171.4,171.18 1 0
github.com/pulumi/pulumi/sdk/v3/go/common/resource/asset.go:175.2,188.27 9 0
github.com/pulumi/pulumi/sdk/v3/go/common/resource/asset.go:193.53,194.37 1 0
github.com/pulumi/pulumi/sdk/v3/go/common/resource/asset.go:194.37,196.17 2 0
github.com/pulumi/pulumi/sdk/v3/go/common/resource/asset.go:196.17,198.4 1 0
github.com/pulumi/pulumi/sdk/v3/go/common/resource/asset.go:199.3,199.24 1 0
github.com/pulumi/pulumi/sdk/v3/go/common/resource/asset.go:201.2,201.24 1 0
github.com/pulumi/pulumi/sdk/v3/go/common/resource/asset.go:208.43,209.14 1 0
github.com/pulumi/pulumi/sdk/v3/go/common/resource/asset.go:209.14,211.3 1 0
github.com/pulumi/pulumi/sdk/v3/go/common/resource/asset.go:211.8,211.25 1 0
github.com/pulumi/pulumi/sdk/v3/go/common/resource/asset.go:211.25,213.3 1 0
github.com/pulumi/pulumi/sdk/v3/go/common/resource/asset.go:216.2,216.39 1 0
github.com/pulumi/pulumi/sdk/v3/go/common/resource/asset.go:216.39,218.3 1 0
github.com/pulumi/pulumi/sdk/v3/go/common/resource/asset.go:219.2,219.43 1 0
github.com/pulumi/pulumi/sdk/v3/go/common/resource/asset.go:219.43,221.3 1 0
github.com/pulumi/pulumi/sdk/v3/go/common/resource/asset.go:222.2,222.29 1 0
github.com/pulumi/pulumi/sdk/v3/go/common/resource/asset.go:226.52,230.18 2 0
github.com/pulumi/pulumi/sdk/v3/go/common/resource/asset.go:230.18,232.3 1 0
github.com/pulumi/pulumi/sdk/v3/go/common/resource/asset.go:233.2,233.18 1 0
github.com/pulumi/pulumi/sdk/v3/go/common/resource/asset.go:233.18,235.3 1 0
github.com/pulumi/pulumi/sdk/v3/go/common/resource/asset.go:236.2,236.18 1 0
github.com/pulumi/pulumi/sdk/v3/go/common/resource/asset.go:236.18,238.3 1 0
github.com/pulumi/pulumi/sdk/v3/go/common/resource/asset.go:239.2,239.17 1 0
github.com/pulumi/pulumi/sdk/v3/go/common/resource/asset.go:239.17,241.3 1 0
github.com/pulumi/pulumi/sdk/v3/go/common/resource/asset.go:242.2,242.15 1 0
github.com/pulumi/pulumi/sdk/v3/go/common/resource/asset.go:246.73,248.29 1 0
github.com/pulumi/pulumi/sdk/v3/go/common/resource/asset.go:248.29,250.3 1 0
github.com/pulumi/pulumi/sdk/v3/go/common/resource/asset.go:253.2,254.43 2 0
github.com/pulumi/pulumi/sdk/v3/go/common/resource/asset.go:254.43,256.10 2 0
github.com/pulumi/pulumi/sdk/v3/go/common/resource/asset.go:256.10,258.4 1 0
github.com/pulumi/pulumi/sdk/v3/go/common/resource/asset.go:259.3,259.11 1 0
github.com/pulumi/pulumi/sdk/v3/go/common/resource/asset.go:261.2,262.43 2 0
github.com/pulumi/pulumi/sdk/v3/go/common/resource/asset.go:262.43,264.10 2 0
github.com/pulumi/pulumi/sdk/v3/go/common/resource/asset.go:264.10,266.4 1 0
github.com/pulumi/pulumi/sdk/v3/go/common/resource/asset.go:267.3,267.11 1 0
github.com/pulumi/pulumi/sdk/v3/go/common/resource/asset.go:269.2,270.43 2 0
github.com/pulumi/pulumi/sdk/v3/go/common/resource/asset.go:270.43,272.10 2 0
github.com/pulumi/pulumi/sdk/v3/go/common/resource/asset.go:272.10,274.4 1 0
github.com/pulumi/pulumi/sdk/v3/go/common/resource/asset.go:275.3,275.11 1 0
github.com/pulumi/pulumi/sdk/v3/go/common/resource/asset.go:277.2,278.42 2 0
github.com/pulumi/pulumi/sdk/v3/go/common/resource/asset.go:278.42,280.10 2 0
github.com/pulumi/pulumi/sdk/v3/go/common/resource/asset.go:280.10,282.4 1 0
github.com/pulumi/pulumi/sdk/v3/go/common/resource/asset.go:283.3,283.10 1 0
github.com/pulumi/pulumi/sdk/v3/go/common/resource/asset.go:286.2,286.72 1 0
github.com/pulumi/pulumi/sdk/v3/go/common/resource/asset.go:290.36,292.2 1 0
github.com/pulumi/pulumi/sdk/v3/go/common/resource/asset.go:295.41,297.41 1 0
github.com/pulumi/pulumi/sdk/v3/go/common/resource/asset.go:297.41,299.3 1 0
github.com/pulumi/pulumi/sdk/v3/go/common/resource/asset.go:301.2,302.16 2 0
github.com/pulumi/pulumi/sdk/v3/go/common/resource/asset.go:302.16,304.3 1 0
github.com/pulumi/pulumi/sdk/v3/go/common/resource/asset.go:305.2,305.25 1 0
github.com/pulumi/pulumi/sdk/v3/go/common/resource/asset.go:309.39,310.16 1 0
github.com/pulumi/pulumi/sdk/v3/go/common/resource/asset.go:310.16,312.3 1 0
github.com/pulumi/pulumi/sdk/v3/go/common/resource/asset.go:312.8,312.23 1 0
github.com/pulumi/pulumi/sdk/v3/go/common/resource/asset.go:312.23,314.3 1 0
github.com/pulumi/pulumi/sdk/v3/go/common/resource/asset.go:314.8,314.22 1 0
github.com/pulumi/pulumi/sdk/v3/go/common/resource/asset.go:314.22,316.3 1 0
github.com/pulumi/pulumi/sdk/v3/go/common/resource/asset.go:317.2,317.51 1 0
github.com/pulumi/pulumi/sdk/v3/go/common/resource/asset.go:320.43,324.2 3 0
github.com/pulumi/pulumi/sdk/v3/go/common/resource/asset.go:326.43,331.16 4 0
github.com/pulumi/pulumi/sdk/v3/go/common/resource/asset.go:331.16,333.3 1 0
github.com/pulumi/pulumi/sdk/v3/go/common/resource/asset.go:336.2,337.16 2 0
github.com/pulumi/pulumi/sdk/v3/go/common/resource/asset.go:337.16,340.3 2 0
github.com/pulumi/pulumi/sdk/v3/go/common/resource/asset.go:341.2,341.18 1 0
github.com/pulumi/pulumi/sdk/v3/go/common/resource/asset.go:341.18,344.3 2 0
github.com/pulumi/pulumi/sdk/v3/go/common/resource/asset.go:346.2,350.18 2 0
github.com/pulumi/pulumi/sdk/v3/go/common/resource/asset.go:353.42,355.16 2 0
github.com/pulumi/pulumi/sdk/v3/go/common/resource/asset.go:355.16,357.3 1 0
github.com/pulumi/pulumi/sdk/v3/go/common/resource/asset.go:358.2,359.28 2 0
github.com/pulumi/pulumi/sdk/v3/go/common/resource/asset.go:360.23,362.17 2 0
github.com/pulumi/pulumi/sdk/v3/go/common/resource/asset.go:362.17,364.4 1 0
github.com/pulumi/pulumi/sdk/v3/go/common/resource/asset.go:365.3,365.38 1 0
github.com/pulumi/pulumi/sdk/v3/go/common/resource/asset.go:366.14,370.48 4 0
github.com/pulumi/pulumi/sdk/v3/go/common/resource/asset.go:370.48,372.4 1 0
github.com/pulumi/pulumi/sdk/v3/go/common/resource/asset.go:373.3,374.17 2 0
github.com/pulumi/pulumi/sdk/v3/go/common/resource/asset.go:374.17,376.4 1 0
github.com/pulumi/pulumi/sdk/v3/go/common/resource/asset.go:377.3,377.24 1 0
github.com/pulumi/pulumi/sdk/v3/go/common/resource/asset.go:378.10,379.74 1 0
github.com/pulumi/pulumi/sdk/v3/go/common/resource/asset.go:384.36,385.18 1 0
github.com/pulumi/pulumi/sdk/v3/go/common/resource/asset.go:385.18,387.17 2 0
github.com/pulumi/pulumi/sdk/v3/go/common/resource/asset.go:387.17,389.4 1 0
github.com/pulumi/pulumi/sdk/v3/go/common/resource/asset.go:390.3,394.17 4 0
github.com/pulumi/pulumi/sdk/v3/go/common/resource/asset.go:394.17,396.4 1 0
github.com/pulumi/pulumi/sdk/v3/go/common/resource/asset.go:397.3,397.23 1 0
github.com/pulumi/pulumi/sdk/v3/go/common/resource/asset.go:397.23,399.4 1 0
github.com/pulumi/pulumi/sdk/v3/go/common/resource/asset.go:400.3,400.45 1 0
github.com/pulumi/pulumi/sdk/v3/go/common/resource/asset.go:402.2,402.12 1 0
github.com/pulumi/pulumi/sdk/v3/go/common/resource/asset.go:411.47,411.73 1 0
github.com/pulumi/pulumi/sdk/v3/go/common/resource/asset.go:412.47,412.73 1 0
github.com/pulumi/pulumi/sdk/v3/go/common/resource/asset.go:413.47,413.65 1 0
github.com/pulumi/pulumi/sdk/v3/go/common/resource/asset.go:416.37,421.2 1 0
github.com/pulumi/pulumi/sdk/v3/go/common/resource/asset.go:424.45,426.16 2 0
github.com/pulumi/pulumi/sdk/v3/go/common/resource/asset.go:426.16,428.3 1 0
github.com/pulumi/pulumi/sdk/v3/go/common/resource/asset.go:429.2,432.8 1 0
github.com/pulumi/pulumi/sdk/v3/go/common/resource/asset.go:436.56,437.33 1 0
github.com/pulumi/pulumi/sdk/v3/go/common/resource/asset.go:437.33,440.3 1 0
github.com/pulumi/pulumi/sdk/v3/go/common/resource/asset.go:442.2,444.16 3 0
github.com/pulumi/pulumi/sdk/v3/go/common/resource/asset.go:444.16,446.3 1 0
github.com/pulumi/pulumi/sdk/v3/go/common/resource/asset.go:447.2,447.31 1 0
github.com/pulumi/pulumi/sdk/v3/go/common/resource/asset.go:473.71,474.19 1 0
github.com/pulumi/pulumi/sdk/v3/go/common/resource/asset.go:474.19,477.3 1 0
github.com/pulumi/pulumi/sdk/v3/go/common/resource/asset.go:480.2,480.31 1 0
github.com/pulumi/pulumi/sdk/v3/go/common/resource/asset.go:480.31,481.28 1 0
github.com/pulumi/pulumi/sdk/v3/go/common/resource/asset.go:482.25,482.25 0 0
github.com/pulumi/pulumi/sdk/v3/go/common/resource/asset.go:484.11,485.78 1 0
github.com/pulumi/pulumi/sdk/v3/go/common/resource/asset.go:488.2,490.15 3 0
github.com/pulumi/pulumi/sdk/v3/go/common/resource/asset.go:493.52,494.16 1 0
github.com/pulumi/pulumi/sdk/v3/go/common/resource/asset.go:494.16,496.3 1 0
github.com/pulumi/pulumi/sdk/v3/go/common/resource/asset.go:497.2,499.15 3 0
github.com/pulumi/pulumi/sdk/v3/go/common/resource/asset.go:502.50,503.15 1 0
github.com/pulumi/pulumi/sdk/v3/go/common/resource/asset.go:503.15,505.3 1 0
github.com/pulumi/pulumi/sdk/v3/go/common/resource/asset.go:506.2,508.15 3 0
github.com/pulumi/pulumi/sdk/v3/go/common/resource/asset.go:511.35,511.61 1 0
github.com/pulumi/pulumi/sdk/v3/go/common/resource/asset.go:512.35,512.58 1 0
github.com/pulumi/pulumi/sdk/v3/go/common/resource/asset.go:513.35,513.57 1 0
github.com/pulumi/pulumi/sdk/v3/go/common/resource/asset.go:515.62,516.18 1 0
github.com/pulumi/pulumi/sdk/v3/go/common/resource/asset.go:516.18,518.3 1 0
github.com/pulumi/pulumi/sdk/v3/go/common/resource/asset.go:519.2,519.19 1 0
github.com/pulumi/pulumi/sdk/v3/go/common/resource/asset.go:522.44,523.16 1 0
github.com/pulumi/pulumi/sdk/v3/go/common/resource/asset.go:523.16,525.3 1 0
github.com/pulumi/pulumi/sdk/v3/go/common/resource/asset.go:526.2,526.18 1 0
github.com/pulumi/pulumi/sdk/v3/go/common/resource/asset.go:529.43,530.15 1 0
github.com/pulumi/pulumi/sdk/v3/go/common/resource/asset.go:530.15,532.3 1 0
github.com/pulumi/pulumi/sdk/v3/go/common/resource/asset.go:533.2,533.18 1 0
github.com/pulumi/pulumi/sdk/v3/go/common/resource/asset.go:538.55,539.37 1 0
github.com/pulumi/pulumi/sdk/v3/go/common/resource/asset.go:539.37,541.17 2 0
github.com/pulumi/pulumi/sdk/v3/go/common/resource/asset.go:541.17,543.4 1 0
github.com/pulumi/pulumi/sdk/v3/go/common/resource/asset.go:544.3,544.24 1 0
github.com/pulumi/pulumi/sdk/v3/go/common/resource/asset.go:546.2,546.24 1 0
github.com/pulumi/pulumi/sdk/v3/go/common/resource/asset.go:553.47,554.14 1 0
github.com/pulumi/pulumi/sdk/v3/go/common/resource/asset.go:554.14,556.3 1 0
github.com/pulumi/pulumi/sdk/v3/go/common/resource/asset.go:556.8,556.25 1 0
github.com/pulumi/pulumi/sdk/v3/go/common/resource/asset.go:556.25,558.3 1 0
github.com/pulumi/pulumi/sdk/v3/go/common/resource/asset.go:561.2,561.39 1 0
github.com/pulumi/pulumi/sdk/v3/go/common/resource/asset.go:561.39,563.3 1 0
github.com/pulumi/pulumi/sdk/v3/go/common/resource/asset.go:564.2,564.43 1 0
github.com/pulumi/pulumi/sdk/v3/go/common/resource/asset.go:564.43,566.3 1 0
github.com/pulumi/pulumi/sdk/v3/go/common/resource/asset.go:567.2,567.29 1 0
github.com/pulumi/pulumi/sdk/v3/go/common/resource/asset.go:571.54,575.18 2 0
github.com/pulumi/pulumi/sdk/v3/go/common/resource/asset.go:575.18,577.3 1 0
github.com/pulumi/pulumi/sdk/v3/go/common/resource/asset.go:578.2,578.21 1 0
github.com/pulumi/pulumi/sdk/v3/go/common/resource/asset.go:578.21,580.30 2 0
github.com/pulumi/pulumi/sdk/v3/go/common/resource/asset.go:580.30,581.25 1 0
github.com/pulumi/pulumi/sdk/v3/go/common/resource/asset.go:582.16,583.30 1 0
github.com/pulumi/pulumi/sdk/v3/go/common/resource/asset.go:584.18,585.30 1 0
github.com/pulumi/pulumi/sdk/v3/go/common/resource/asset.go:586.12,587.72 1 0
github.com/pulumi/pulumi/sdk/v3/go/common/resource/asset.go:590.3,590.41 1 0
github.com/pulumi/pulumi/sdk/v3/go/common/resource/asset.go:592.2,592.18 1 0
github.com/pulumi/pulumi/sdk/v3/go/common/resource/asset.go:592.18,594.3 1 0
github.com/pulumi/pulumi/sdk/v3/go/common/resource/asset.go:595.2,595.17 1 0
github.com/pulumi/pulumi/sdk/v3/go/common/resource/asset.go:595.17,597.3 1 0
github.com/pulumi/pulumi/sdk/v3/go/common/resource/asset.go:598.2,598.15 1 0
github.com/pulumi/pulumi/sdk/v3/go/common/resource/asset.go:602.77,604.31 1 0
github.com/pulumi/pulumi/sdk/v3/go/common/resource/asset.go:604.31,606.3 1 0
github.com/pulumi/pulumi/sdk/v3/go/common/resource/asset.go:608.2,609.45 2 0
github.com/pulumi/pulumi/sdk/v3/go/common/resource/asset.go:609.45,611.10 2 0
github.com/pulumi/pulumi/sdk/v3/go/common/resource/asset.go:611.10,613.4 1 0
github.com/pulumi/pulumi/sdk/v3/go/common/resource/asset.go:614.3,614.11 1 0
github.com/pulumi/pulumi/sdk/v3/go/common/resource/asset.go:617.2,617.48 1 0
github.com/pulumi/pulumi/sdk/v3/go/common/resource/asset.go:617.48,619.10 2 0
github.com/pulumi/pulumi/sdk/v3/go/common/resource/asset.go:619.10,621.4 1 0
github.com/pulumi/pulumi/sdk/v3/go/common/resource/asset.go:623.3,623.22 1 0
github.com/pulumi/pulumi/sdk/v3/go/common/resource/asset.go:623.22,626.4 2 0
github.com/pulumi/pulumi/sdk/v3/go/common/resource/asset.go:629.2,629.46 1 0
github.com/pulumi/pulumi/sdk/v3/go/common/resource/asset.go:629.46,631.10 2 0
github.com/pulumi/pulumi/sdk/v3/go/common/resource/asset.go:631.10,633.4 1 0
github.com/pulumi/pulumi/sdk/v3/go/common/resource/asset.go:635.3,635.21 1 0
github.com/pulumi/pulumi/sdk/v3/go/common/resource/asset.go:635.21,638.4 2 0
github.com/pulumi/pulumi/sdk/v3/go/common/resource/asset.go:641.2,641.55 1 0
github.com/pulumi/pulumi/sdk/v3/go/common/resource/asset.go:641.55,643.10 2 0
github.com/pulumi/pulumi/sdk/v3/go/common/resource/asset.go:643.10,645.4 1 0
github.com/pulumi/pulumi/sdk/v3/go/common/resource/asset.go:647.3,648.26 2 0
github.com/pulumi/pulumi/sdk/v3/go/common/resource/asset.go:648.26,649.28 1 0
github.com/pulumi/pulumi/sdk/v3/go/common/resource/asset.go:650.16,651.18 1 0
github.com/pulumi/pulumi/sdk/v3/go/common/resource/asset.go:652.18,653.18 1 0
github.com/pulumi/pulumi/sdk/v3/go/common/resource/asset.go:654.32,656.19 2 0
github.com/pulumi/pulumi/sdk/v3/go/common/resource/asset.go:656.19,658.6 1 0
github.com/pulumi/pulumi/sdk/v3/go/common/resource/asset.go:658.11,658.19 1 0
github.com/pulumi/pulumi/sdk/v3/go/common/resource/asset.go:658.19,660.6 1 0
github.com/pulumi/pulumi/sdk/v3/go/common/resource/asset.go:660.11,662.20 2 0
github.com/pulumi/pulumi/sdk/v3/go/common/resource/asset.go:662.20,664.7 1 0
github.com/pulumi/pulumi/sdk/v3/go/common/resource/asset.go:664.12,664.24 1 0
github.com/pulumi/pulumi/sdk/v3/go/common/resource/asset.go:664.24,666.7 1 0
github.com/pulumi/pulumi/sdk/v3/go/common/resource/asset.go:667.6,667.22 1 0
github.com/pulumi/pulumi/sdk/v3/go/common/resource/asset.go:669.12,670.94 1 0
github.com/pulumi/pulumi/sdk/v3/go/common/resource/asset.go:674.3,675.33 2 0
github.com/pulumi/pulumi/sdk/v3/go/common/resource/asset.go:681.2,681.95 1 0
github.com/pulumi/pulumi/sdk/v3/go/common/resource/asset.go:685.38,687.2 1 0
github.com/pulumi/pulumi/sdk/v3/go/common/resource/asset.go:701.49,703.18 2 0
github.com/pulumi/pulumi/sdk/v3/go/common/resource/asset.go:703.18,705.3 1 0
github.com/pulumi/pulumi/sdk/v3/go/common/resource/asset.go:705.8,705.23 1 0
github.com/pulumi/pulumi/sdk/v3/go/common/resource/asset.go:705.23,707.3 1 0
github.com/pulumi/pulumi/sdk/v3/go/common/resource/asset.go:707.8,707.22 1 0
github.com/pulumi/pulumi/sdk/v3/go/common/resource/asset.go:707.22,709.3 1 0
github.com/pulumi/pulumi/sdk/v3/go/common/resource/asset.go:710.2,710.53 1 0
github.com/pulumi/pulumi/sdk/v3/go/common/resource/asset.go:721.61,722.6 1 0
github.com/pulumi/pulumi/sdk/v3/go/common/resource/asset.go:722.6,725.23 1 0
github.com/pulumi/pulumi/sdk/v3/go/common/resource/asset.go:725.23,727.11 2 0
github.com/pulumi/pulumi/sdk/v3/go/common/resource/asset.go:728.23,730.20 1 0
github.com/pulumi/pulumi/sdk/v3/go/common/resource/asset.go:731.20,733.24 1 0
github.com/pulumi/pulumi/sdk/v3/go/common/resource/asset.go:734.12,736.57 1 0
github.com/pulumi/pulumi/sdk/v3/go/common/resource/asset.go:741.3,741.23 1 0
github.com/pulumi/pulumi/sdk/v3/go/common/resource/asset.go:741.23,743.4 1 0
github.com/pulumi/pulumi/sdk/v3/go/common/resource/asset.go:746.3,750.28 4 0
github.com/pulumi/pulumi/sdk/v3/go/common/resource/asset.go:751.15,754.18 2 0
github.com/pulumi/pulumi/sdk/v3/go/common/resource/asset.go:754.18,756.5 1 0
github.com/pulumi/pulumi/sdk/v3/go/common/resource/asset.go:757.4,757.26 1 0
github.com/pulumi/pulumi/sdk/v3/go/common/resource/asset.go:758.17,761.18 2 0
github.com/pulumi/pulumi/sdk/v3/go/common/resource/asset.go:761.18,763.5 1 0
github.com/pulumi/pulumi/sdk/v3/go/common/resource/asset.go:764.4,765.24 2 0
github.com/pulumi/pulumi/sdk/v3/go/common/resource/asset.go:770.45,771.22 1 0
github.com/pulumi/pulumi/sdk/v3/go/common/resource/asset.go:771.22,773.3 1 0
github.com/pulumi/pulumi/sdk/v3/go/common/resource/asset.go:774.2,774.12 1 0
github.com/pulumi/pulumi/sdk/v3/go/common/resource/asset.go:777.55,784.19 4 0
github.com/pulumi/pulumi/sdk/v3/go/common/resource/asset.go:784.19,786.3 1 0
github.com/pulumi/pulumi/sdk/v3/go/common/resource/asset.go:787.2,793.15 3 0
github.com/pulumi/pulumi/sdk/v3/go/common/resource/asset.go:802.64,804.28 1 0
github.com/pulumi/pulumi/sdk/v3/go/common/resource/asset.go:804.28,806.3 1 0
github.com/pulumi/pulumi/sdk/v3/go/common/resource/asset.go:809.2,814.16 4 0
github.com/pulumi/pulumi/sdk/v3/go/common/resource/asset.go:814.16,816.3 1 0
github.com/pulumi/pulumi/sdk/v3/go/common/resource/asset.go:817.2,824.16 4 0
github.com/pulumi/pulumi/sdk/v3/go/common/resource/asset.go:824.16,826.3 1 0
github.com/pulumi/pulumi/sdk/v3/go/common/resource/asset.go:827.2,827.24 1 0
github.com/pulumi/pulumi/sdk/v3/go/common/resource/asset.go:830.48,832.2 1 0
github.com/pulumi/pulumi/sdk/v3/go/common/resource/asset.go:834.53,841.26 4 0
github.com/pulumi/pulumi/sdk/v3/go/common/resource/asset.go:841.26,844.17 2 0
github.com/pulumi/pulumi/sdk/v3/go/common/resource/asset.go:844.17,846.4 1 0
github.com/pulumi/pulumi/sdk/v3/go/common/resource/asset.go:846.9,846.27 1 0
github.com/pulumi/pulumi/sdk/v3/go/common/resource/asset.go:846.27,848.4 1 0
github.com/pulumi/pulumi/sdk/v3/go/common/resource/asset.go:851.3,852.95 2 0
github.com/pulumi/pulumi/sdk/v3/go/common/resource/asset.go:852.95,854.22 1 0
github.com/pulumi/pulumi/sdk/v3/go/common/resource/asset.go:854.22,856.5 1 0
github.com/pulumi/pulumi/sdk/v3/go/common/resource/asset.go:860.4,860.34 1 0
github.com/pulumi/pulumi/sdk/v3/go/common/resource/asset.go:860.34,861.18 1 0
github.com/pulumi/pulumi/sdk/v3/go/common/resource/asset.go:861.18,863.6 1 0
github.com/pulumi/pulumi/sdk/v3/go/common/resource/asset.go:864.5,864.15 1 0
github.com/pulumi/pulumi/sdk/v3/go/common/resource/asset.go:868.4,868.17 1 0
github.com/pulumi/pulumi/sdk/v3/go/common/resource/asset.go:868.17,870.5 1 0
github.com/pulumi/pulumi/sdk/v3/go/common/resource/asset.go:875.4,875.36 1 0
github.com/pulumi/pulumi/sdk/v3/go/common/resource/asset.go:875.36,877.23 2 0
github.com/pulumi/pulumi/sdk/v3/go/common/resource/asset.go:877.23,879.6 1 0
github.com/pulumi/pulumi/sdk/v3/go/common/resource/asset.go:881.5,881.25 1 0
github.com/pulumi/pulumi/sdk/v3/go/common/resource/asset.go:881.25,883.6 1 0
github.com/pulumi/pulumi/sdk/v3/go/common/resource/asset.go:887.4,888.14 2 0
github.com/pulumi/pulumi/sdk/v3/go/common/resource/asset.go:889.22,891.4 1 0
github.com/pulumi/pulumi/sdk/v3/go/common/resource/asset.go:893.3,897.16 2 0
github.com/pulumi/pulumi/sdk/v3/go/common/resource/asset.go:901.2,902.16 2 0
github.com/pulumi/pulumi/sdk/v3/go/common/resource/asset.go:902.16,904.3 1 0
github.com/pulumi/pulumi/sdk/v3/go/common/resource/asset.go:905.2,905.34 1 0
github.com/pulumi/pulumi/sdk/v3/go/common/resource/asset.go:908.52,911.16 2 0
github.com/pulumi/pulumi/sdk/v3/go/common/resource/asset.go:911.16,913.3 1 0
github.com/pulumi/pulumi/sdk/v3/go/common/resource/asset.go:914.2,917.26 3 0
github.com/pulumi/pulumi/sdk/v3/go/common/resource/asset.go:917.26,920.3 1 0
github.com/pulumi/pulumi/sdk/v3/go/common/resource/asset.go:922.2,923.16 2 0
github.com/pulumi/pulumi/sdk/v3/go/common/resource/asset.go:923.16,925.3 1 0
github.com/pulumi/pulumi/sdk/v3/go/common/resource/asset.go:926.2,926.32 1 0
github.com/pulumi/pulumi/sdk/v3/go/common/resource/asset.go:929.70,930.28 1 0
github.com/pulumi/pulumi/sdk/v3/go/common/resource/asset.go:931.23,933.17 2 0
github.com/pulumi/pulumi/sdk/v3/go/common/resource/asset.go:933.17,935.4 1 0
github.com/pulumi/pulumi/sdk/v3/go/common/resource/asset.go:936.3,936.24 1 0
github.com/pulumi/pulumi/sdk/v3/go/common/resource/asset.go:937.14,942.27 5 0
github.com/pulumi/pulumi/sdk/v3/go/common/resource/asset.go:943.10,944.74 1 0
github.com/pulumi/pulumi/sdk/v3/go/common/resource/asset.go:951.63,953.49 2 0
github.com/pulumi/pulumi/sdk/v3/go/common/resource/asset.go:953.49,955.3 1 0
github.com/pulumi/pulumi/sdk/v3/go/common/resource/asset.go:956.2,956.26 1 0
github.com/pulumi/pulumi/sdk/v3/go/common/resource/asset.go:961.68,963.76 1 0
github.com/pulumi/pulumi/sdk/v3/go/common/resource/asset.go:963.76,964.17 1 0
github.com/pulumi/pulumi/sdk/v3/go/common/resource/asset.go:964.17,966.4 1 0
github.com/pulumi/pulumi/sdk/v3/go/common/resource/asset.go:967.3,968.13 2 0
github.com/pulumi/pulumi/sdk/v3/go/common/resource/asset.go:971.2,971.16 1 0
github.com/pulumi/pulumi/sdk/v3/go/common/resource/asset.go:972.18,973.25 1 0
github.com/pulumi/pulumi/sdk/v3/go/common/resource/asset.go:974.22,975.29 1 0
github.com/pulumi/pulumi/sdk/v3/go/common/resource/asset.go:976.18,977.25 1 0
github.com/pulumi/pulumi/sdk/v3/go/common/resource/asset.go:978.10,980.13 2 0
github.com/pulumi/pulumi/sdk/v3/go/common/resource/asset.go:986.89,988.16 2 0
github.com/pulumi/pulumi/sdk/v3/go/common/resource/asset.go:988.16,990.3 1 0
github.com/pulumi/pulumi/sdk/v3/go/common/resource/asset.go:991.2,996.36 2 0
github.com/pulumi/pulumi/sdk/v3/go/common/resource/asset.go:996.36,998.3 1 0
github.com/pulumi/pulumi/sdk/v3/go/common/resource/asset.go:999.2,1006.17 3 0
github.com/pulumi/pulumi/sdk/v3/go/common/resource/asset.go:1006.17,1008.3 1 0
github.com/pulumi/pulumi/sdk/v3/go/common/resource/asset.go:1009.2,1010.32 2 0
github.com/pulumi/pulumi/sdk/v3/go/common/resource/asset.go:1010.32,1012.3 1 0
github.com/pulumi/pulumi/sdk/v3/go/common/resource/asset.go:1015.2,1015.13 1 0
github.com/pulumi/pulumi/sdk/v3/go/common/resource/asset.go:1015.13,1017.3 1 0
github.com/pulumi/pulumi/sdk/v3/go/common/resource/asset.go:1018.2,1018.12 1 0
github.com/pulumi/pulumi/sdk/v3/go/common/resource/asset.go:1021.49,1024.16 2 0
github.com/pulumi/pulumi/sdk/v3/go/common/resource/asset.go:1024.16,1026.3 1 0
github.com/pulumi/pulumi/sdk/v3/go/common/resource/asset.go:1027.2,1032.17 4 0
github.com/pulumi/pulumi/sdk/v3/go/common/resource/asset.go:1032.17,1034.3 1 0
github.com/pulumi/pulumi/sdk/v3/go/common/resource/asset.go:1035.2,1035.19 1 0
github.com/pulumi/pulumi/sdk/v3/go/common/resource/asset.go:1035.19,1037.3 1 0
github.com/pulumi/pulumi/sdk/v3/go/common/resource/asset.go:1039.2,1039.19 1 0
github.com/pulumi/pulumi/sdk/v3/go/common/resource/asset.go:1042.53,1045.2 2 0
github.com/pulumi/pulumi/sdk/v3/go/common/resource/asset.go:1049.89,1051.16 2 0
github.com/pulumi/pulumi/sdk/v3/go/common/resource/asset.go:1051.16,1053.3 1 0
github.com/pulumi/pulumi/sdk/v3/go/common/resource/asset.go:1054.2,1059.36 2 0
github.com/pulumi/pulumi/sdk/v3/go/common/resource/asset.go:1059.36,1061.3 1 0
github.com/pulumi/pulumi/sdk/v3/go/common/resource/asset.go:1062.2,1077.16 6 0
github.com/pulumi/pulumi/sdk/v3/go/common/resource/asset.go:1077.16,1079.3 1 0
github.com/pulumi/pulumi/sdk/v3/go/common/resource/asset.go:1080.2,1081.16 2 0
github.com/pulumi/pulumi/sdk/v3/go/common/resource/asset.go:1081.16,1083.3 1 0
github.com/pulumi/pulumi/sdk/v3/go/common/resource/asset.go:1084.2,1084.13 1 0
github.com/pulumi/pulumi/sdk/v3/go/common/resource/asset.go:1084.13,1086.3 1 0
github.com/pulumi/pulumi/sdk/v3/go/common/resource/asset.go:1087.2,1087.12 1 0
github.com/pulumi/pulumi/sdk/v3/go/common/resource/asset.go:1090.49,1093.16 2 0
github.com/pulumi/pulumi/sdk/v3/go/common/resource/asset.go:1093.16,1095.3 1 0
github.com/pulumi/pulumi/sdk/v3/go/common/resource/asset.go:1096.2,1101.17 4 0
github.com/pulumi/pulumi/sdk/v3/go/common/resource/asset.go:1101.17,1103.3 1 0
github.com/pulumi/pulumi/sdk/v3/go/common/resource/asset.go:1104.2,1104.19 1 0
github.com/pulumi/pulumi/sdk/v3/go/common/resource/asset.go:1104.19,1106.3 1 0
github.com/pulumi/pulumi/sdk/v3/go/common/resource/asset.go:1108.2,1108.19 1 0
github.com/pulumi/pulumi/sdk/v3/go/common/resource/asset.go:1112.77,1113.41 1 0
github.com/pulumi/pulumi/sdk/v3/go/common/resource/asset.go:1113.41,1114.64 1 0
github.com/pulumi/pulumi/sdk/v3/go/common/resource/asset.go:1114.64,1117.4 2 0
github.com/pulumi/pulumi/sdk/v3/go/common/resource/asset.go:1118.8,1118.72 1 0
github.com/pulumi/pulumi/sdk/v3/go/common/resource/asset.go:1118.72,1119.68 1 0
github.com/pulumi/pulumi/sdk/v3/go/common/resource/asset.go:1119.68,1122.4 2 0
github.com/pulumi/pulumi/sdk/v3/go/common/resource/asset.go:1124.2,1124.29 1 0
github.com/pulumi/pulumi/sdk/v3/go/common/resource/asset.go:1128.38,1129.18 1 0
github.com/pulumi/pulumi/sdk/v3/go/common/resource/asset.go:1129.18,1135.17 3 0
github.com/pulumi/pulumi/sdk/v3/go/common/resource/asset.go:1135.17,1137.4 1 0
github.com/pulumi/pulumi/sdk/v3/go/common/resource/asset.go:1138.3,1138.34 1 0
github.com/pulumi/pulumi/sdk/v3/go/common/resource/asset.go:1138.34,1141.18 3 0
github.com/pulumi/pulumi/sdk/v3/go/common/resource/asset.go:1141.18,1143.5 1 0
github.com/pulumi/pulumi/sdk/v3/go/common/resource/asset.go:1144.9,1148.18 2 0
github.com/pulumi/pulumi/sdk/v3/go/common/resource/asset.go:1148.18,1150.5 1 0
github.com/pulumi/pulumi/sdk/v3/go/common/resource/asset.go:1154.3,1154.45 1 0
github.com/pulumi/pulumi/sdk/v3/go/common/resource/asset.go:1156.2,1156.12 1 0
github.com/pulumi/pulumi/sdk/v3/go/common/resource/asset.go:1180.53,1181.36 1 0
github.com/pulumi/pulumi/sdk/v3/go/common/resource/asset.go:1181.36,1182.35 1 0
github.com/pulumi/pulumi/sdk/v3/go/common/resource/asset.go:1182.35,1184.4 1 0
github.com/pulumi/pulumi/sdk/v3/go/common/resource/asset.go:1187.2,1187.19 1 0
github.com/pulumi/pulumi/sdk/v3/go/common/resource/asset.go:1192.81,1193.16 1 0
github.com/pulumi/pulumi/sdk/v3/go/common/resource/asset.go:1194.18,1195.28 1 0
github.com/pulumi/pulumi/sdk/v3/go/common/resource/asset.go:1196.22,1197.32 1 0
github.com/pulumi/pulumi/sdk/v3/go/common/resource/asset.go:1198.30,1203.35 3 0
github.com/pulumi/pulumi/sdk/v3/go/common/resource/asset.go:1203.35,1205.18 2 0
github.com/pulumi/pulumi/sdk/v3/go/common/resource/asset.go:1205.18,1207.5 1 0
github.com/pulumi/pulumi/sdk/v3/go/common/resource/asset.go:1208.4,1209.20 2 0
github.com/pulumi/pulumi/sdk/v3/go/common/resource/asset.go:1210.9,1210.53 1 0
github.com/pulumi/pulumi/sdk/v3/go/common/resource/asset.go:1210.53,1212.4 1 0
github.com/pulumi/pulumi/sdk/v3/go/common/resource/asset.go:1212.9,1215.4 2 0
github.com/pulumi/pulumi/sdk/v3/go/common/resource/asset.go:1216.3,1216.32 1 0
github.com/pulumi/pulumi/sdk/v3/go/common/resource/asset.go:1217.10,1219.18 2 0
github.com/pulumi/pulumi/sdk/v3/go/common/resource/asset.go:1229.58,1230.6 1 0
github.com/pulumi/pulumi/sdk/v3/go/common/resource/asset.go:1230.6,1232.17 2 0
github.com/pulumi/pulumi/sdk/v3/go/common/resource/asset.go:1232.17,1234.4 1 0
github.com/pulumi/pulumi/sdk/v3/go/common/resource/asset.go:1236.3,1236.24 1 0
github.com/pulumi/pulumi/sdk/v3/go/common/resource/asset.go:1237.20,1238.12 1 0
github.com/pulumi/pulumi/sdk/v3/go/common/resource/asset.go:1239.20,1246.26 3 0
github.com/pulumi/pulumi/sdk/v3/go/common/resource/asset.go:1247.11,1248.73 1 0
github.com/pulumi/pulumi/sdk/v3/go/common/resource/asset.go:1253.42,1255.2 1 0
github.com/pulumi/pulumi/sdk/v3/go/common/resource/asset.go:1257.62,1263.2 2 0
github.com/pulumi/pulumi/sdk/v3/go/common/resource/asset.go:1265.66,1268.16 2 0
github.com/pulumi/pulumi/sdk/v3/go/common/resource/asset.go:1268.16,1270.3 1 0
github.com/pulumi/pulumi/sdk/v3/go/common/resource/asset.go:1273.2,1273.27 1 0
github.com/pulumi/pulumi/sdk/v3/go/common/resource/asset.go:1283.58,1284.31 1 0
github.com/pulumi/pulumi/sdk/v3/go/common/resource/asset.go:1284.31,1289.30 3 0
github.com/pulumi/pulumi/sdk/v3/go/common/resource/asset.go:1289.30,1290.12 1 0
github.com/pulumi/pulumi/sdk/v3/go/common/resource/asset.go:1294.3,1295.17 2 0
github.com/pulumi/pulumi/sdk/v3/go/common/resource/asset.go:1295.17,1297.4 1 0
github.com/pulumi/pulumi/sdk/v3/go/common/resource/asset.go:1298.3,1303.25 3 0
github.com/pulumi/pulumi/sdk/v3/go/common/resource/asset.go:1305.2,1305.24 1 0
github.com/pulumi/pulumi/sdk/v3/go/common/resource/asset.go:1308.42,1309.35 1 0
github.com/pulumi/pulumi/sdk/v3/go/common/resource/asset.go:1309.35,1311.3 1 0
github.com/pulumi/pulumi/sdk/v3/go/common/resource/asset.go:1312.2,1312.12 1 0
github.com/pulumi/pulumi/sdk/v3/go/common/resource/asset.go:1315.72,1317.16 2 0
github.com/pulumi/pulumi/sdk/v3/go/common/resource/asset.go:1317.16,1319.3 1 0
github.com/pulumi/pulumi/sdk/v3/go/common/resource/asset.go:1321.2,1325.15 2 0
github.com/pulumi/pulumi/sdk/v3/go/common/resource/custom_timeouts.go:9.44,11.2 1 0
github.com/pulumi/pulumi/sdk/v3/go/common/resource/errors.go:23.36,25.2 1 0
github.com/pulumi/pulumi/sdk/v3/go/common/resource/errors.go:29.69,31.2 1 0
github.com/pulumi/pulumi/sdk/v3/go/common/resource/properties.go:39.48,41.2 1 0
github.com/pulumi/pulumi/sdk/v3/go/common/resource/properties.go:47.15,51.2 3 0
github.com/pulumi/pulumi/sdk/v3/go/common/resource/properties.go:54.66,56.2 1 0
github.com/pulumi/pulumi/sdk/v3/go/common/resource/properties.go:61.15,63.22 2 0
github.com/pulumi/pulumi/sdk/v3/go/common/resource/properties.go:63.22,65.19 2 0
github.com/pulumi/pulumi/sdk/v3/go/common/resource/properties.go:65.19,66.34 1 0
github.com/pulumi/pulumi/sdk/v3/go/common/resource/properties.go:66.34,68.5 1 0
github.com/pulumi/pulumi/sdk/v3/go/common/resource/properties.go:70.3,70.54 1 0
github.com/pulumi/pulumi/sdk/v3/go/common/resource/properties.go:72.2,72.15 1 0
github.com/pulumi/pulumi/sdk/v3/go/common/resource/properties.go:121.68,122.9 1 0
github.com/pulumi/pulumi/sdk/v3/go/common/resource/properties.go:123.27,124.18 1 0
github.com/pulumi/pulumi/sdk/v3/go/common/resource/properties.go:125.25,126.36 1 0
github.com/pulumi/pulumi/sdk/v3/go/common/resource/properties.go:127.10,128.19 1 0
github.com/pulumi/pulumi/sdk/v3/go/common/resource/properties.go:136.33,139.2 2 0
github.com/pulumi/pulumi/sdk/v3/go/common/resource/properties.go:141.37,143.2 1 0
github.com/pulumi/pulumi/sdk/v3/go/common/resource/properties.go:148.55,151.2 2 0
github.com/pulumi/pulumi/sdk/v3/go/common/resource/properties.go:154.50,155.26 1 0
github.com/pulumi/pulumi/sdk/v3/go/common/resource/properties.go:155.26,156.27 1 0
github.com/pulumi/pulumi/sdk/v3/go/common/resource/properties.go:156.27,158.4 1 0
github.com/pulumi/pulumi/sdk/v3/go/common/resource/properties.go:160.2,160.14 1 0
github.com/pulumi/pulumi/sdk/v3/go/common/resource/properties.go:164.49,165.26 1 0
github.com/pulumi/pulumi/sdk/v3/go/common/resource/properties.go:165.26,166.26 1 0
github.com/pulumi/pulumi/sdk/v3/go/common/resource/properties.go:166.26,168.4 1 0
github.com/pulumi/pulumi/sdk/v3/go/common/resource/properties.go:170.2,170.14 1 0
github.com/pulumi/pulumi/sdk/v3/go/common/resource/properties.go:174.60,176.2 1 0
github.com/pulumi/pulumi/sdk/v3/go/common/resource/properties.go:182.26,184.39 2 0
github.com/pulumi/pulumi/sdk/v3/go/common/resource/properties.go:184.39,186.19 2 0
github.com/pulumi/pulumi/sdk/v3/go/common/resource/properties.go:186.19,187.36 1 0
github.com/pulumi/pulumi/sdk/v3/go/common/resource/properties.go:187.36,189.5 1 0
github.com/pulumi/pulumi/sdk/v3/go/common/resource/properties.go:191.3,191.44 1 0
github.com/pulumi/pulumi/sdk/v3/go/common/resource/properties.go:193.2,193.12 1 0
github.com/pulumi/pulumi/sdk/v3/go/common/resource/properties.go:197.45,199.26 2 0
github.com/pulumi/pulumi/sdk/v3/go/common/resource/properties.go:199.26,201.3 1 0
github.com/pulumi/pulumi/sdk/v3/go/common/resource/properties.go:202.2,202.12 1 0
github.com/pulumi/pulumi/sdk/v3/go/common/resource/properties.go:206.53,208.23 2 0
github.com/pulumi/pulumi/sdk/v3/go/common/resource/properties.go:208.23,210.3 1 0
github.com/pulumi/pulumi/sdk/v3/go/common/resource/properties.go:211.2,211.41 1 0
github.com/pulumi/pulumi/sdk/v3/go/common/resource/properties.go:211.41,211.73 1 0
github.com/pulumi/pulumi/sdk/v3/go/common/resource/properties.go:212.2,212.15 1 0
github.com/pulumi/pulumi/sdk/v3/go/common/resource/properties.go:223.58,225.2 1 0
github.com/pulumi/pulumi/sdk/v3/go/common/resource/properties.go:227.70,227.99 1 0
github.com/pulumi/pulumi/sdk/v3/go/common/resource/properties.go:228.70,228.97 1 0
github.com/pulumi/pulumi/sdk/v3/go/common/resource/properties.go:229.70,229.97 1 0
github.com/pulumi/pulumi/sdk/v3/go/common/resource/properties.go:230.70,230.97 1 0
github.com/pulumi/pulumi/sdk/v3/go/common/resource/properties.go:231.70,231.97 1 0
github.com/pulumi/pulumi/sdk/v3/go/common/resource/properties.go:232.70,232.97 1 0
github.com/pulumi/pulumi/sdk/v3/go/common/resource/properties.go:233.70,233.97 1 0
github.com/pulumi/pulumi/sdk/v3/go/common/resource/properties.go:234.70,234.97 1 0
github.com/pulumi/pulumi/sdk/v3/go/common/resource/properties.go:235.70,235.97 1 0
github.com/pulumi/pulumi/sdk/v3/go/common/resource/properties.go:236.70,236.97 1 0
github.com/pulumi/pulumi/sdk/v3/go/common/resource/properties.go:237.70,237.97 1 0
github.com/pulumi/pulumi/sdk/v3/go/common/resource/properties.go:238.70,238.97 1 0
github.com/pulumi/pulumi/sdk/v3/go/common/resource/properties.go:240.50,242.2 1 0
github.com/pulumi/pulumi/sdk/v3/go/common/resource/properties.go:244.48,246.2 1 0
github.com/pulumi/pulumi/sdk/v3/go/common/resource/properties.go:248.48,250.2 1 0
github.com/pulumi/pulumi/sdk/v3/go/common/resource/properties.go:253.83,258.2 1 0
github.com/pulumi/pulumi/sdk/v3/go/common/resource/properties.go:262.87,264.14 2 0
github.com/pulumi/pulumi/sdk/v3/go/common/resource/properties.go:264.14,266.3 1 0
github.com/pulumi/pulumi/sdk/v3/go/common/resource/properties.go:268.2,272.4 1 0
github.com/pulumi/pulumi/sdk/v3/go/common/resource/properties.go:276.52,278.2 1 0
github.com/pulumi/pulumi/sdk/v3/go/common/resource/properties.go:284.17,286.18 1 0
github.com/pulumi/pulumi/sdk/v3/go/common/resource/properties.go:286.18,287.33 1 0
github.com/pulumi/pulumi/sdk/v3/go/common/resource/properties.go:287.33,289.4 1 0
github.com/pulumi/pulumi/sdk/v3/go/common/resource/properties.go:293.2,293.14 1 0
github.com/pulumi/pulumi/sdk/v3/go/common/resource/properties.go:293.14,295.3 1 0
github.com/pulumi/pulumi/sdk/v3/go/common/resource/properties.go:298.2,298.23 1 0
github.com/pulumi/pulumi/sdk/v3/go/common/resource/properties.go:299.12,300.24 1 0
github.com/pulumi/pulumi/sdk/v3/go/common/resource/properties.go:301.11,302.33 1 0
github.com/pulumi/pulumi/sdk/v3/go/common/resource/properties.go:303.12,304.33 1 0
github.com/pulumi/pulumi/sdk/v3/go/common/resource/properties.go:305.13,306.33 1 0
github.com/pulumi/pulumi/sdk/v3/go/common/resource/properties.go:307.14,308.33 1 0
github.com/pulumi/pulumi/sdk/v3/go/common/resource/properties.go:309.13,310.33 1 0
github.com/pulumi/pulumi/sdk/v3/go/common/resource/properties.go:311.14,312.33 1 0
github.com/pulumi/pulumi/sdk/v3/go/common/resource/properties.go:313.15,314.33 1 0
github.com/pulumi/pulumi/sdk/v3/go/common/resource/properties.go:315.15,316.24 1 0
github.com/pulumi/pulumi/sdk/v3/go/common/resource/properties.go:317.14,318.24 1 0
github.com/pulumi/pulumi/sdk/v3/go/common/resource/properties.go:319.14,320.24 1 0
github.com/pulumi/pulumi/sdk/v3/go/common/resource/properties.go:321.16,322.24 1 0
github.com/pulumi/pulumi/sdk/v3/go/common/resource/properties.go:323.16,324.24 1 0
github.com/pulumi/pulumi/sdk/v3/go/common/resource/properties.go:325.14,326.24 1 0
github.com/pulumi/pulumi/sdk/v3/go/common/resource/properties.go:327.15,328.24 1 0
github.com/pulumi/pulumi/sdk/v3/go/common/resource/properties.go:329.25,330.24 1 0
github.com/pulumi/pulumi/sdk/v3/go/common/resource/properties.go:334.2,335.36 2 0
github.com/pulumi/pulumi/sdk/v3/go/common/resource/properties.go:336.36,339.33 2 0
github.com/pulumi/pulumi/sdk/v3/go/common/resource/properties.go:339.33,342.4 2 0
github.com/pulumi/pulumi/sdk/v3/go/common/resource/properties.go:343.3,343.26 1 0
github.com/pulumi/pulumi/sdk/v3/go/common/resource/properties.go:344.19,346.17 1 0
github.com/pulumi/pulumi/sdk/v3/go/common/resource/properties.go:346.17,348.4 1 0
github.com/pulumi/pulumi/sdk/v3/go/common/resource/properties.go:349.3,349.67 1 0
github.com/pulumi/pulumi/sdk/v3/go/common/resource/properties.go:350.19,353.43 2 0
github.com/pulumi/pulumi/sdk/v3/go/common/resource/properties.go:353.43,355.36 2 0
github.com/pulumi/pulumi/sdk/v3/go/common/resource/properties.go:355.36,357.5 1 0
github.com/pulumi/pulumi/sdk/v3/go/common/resource/properties.go:359.4,360.20 2 0
github.com/pulumi/pulumi/sdk/v3/go/common/resource/properties.go:360.20,361.44 1 0
github.com/pulumi/pulumi/sdk/v3/go/common/resource/properties.go:361.44,363.6 1 0
github.com/pulumi/pulumi/sdk/v3/go/common/resource/properties.go:366.4,368.16 3 0
github.com/pulumi/pulumi/sdk/v3/go/common/resource/properties.go:370.3,370.26 1 0
github.com/pulumi/pulumi/sdk/v3/go/common/resource/properties.go:371.22,372.34 1 0
github.com/pulumi/pulumi/sdk/v3/go/common/resource/properties.go:373.22,375.26 2 0
github.com/pulumi/pulumi/sdk/v3/go/common/resource/properties.go:376.10,378.27 2 0
github.com/pulumi/pulumi/sdk/v3/go/common/resource/properties.go:383.40,384.18 1 0
github.com/pulumi/pulumi/sdk/v3/go/common/resource/properties.go:384.18,386.3 1 0
github.com/pulumi/pulumi/sdk/v3/go/common/resource/properties.go:387.2,387.20 1 0
github.com/pulumi/pulumi/sdk/v3/go/common/resource/properties.go:391.48,392.64 1 0
github.com/pulumi/pulumi/sdk/v3/go/common/resource/properties.go:392.64,394.3 1 0
github.com/pulumi/pulumi/sdk/v3/go/common/resource/properties.go:394.8,394.24 1 0
github.com/pulumi/pulumi/sdk/v3/go/common/resource/properties.go:394.24,395.36 1 0
github.com/pulumi/pulumi/sdk/v3/go/common/resource/properties.go:395.36,396.28 1 0
github.com/pulumi/pulumi/sdk/v3/go/common/resource/properties.go:396.28,398.5 1 0
github.com/pulumi/pulumi/sdk/v3/go/common/resource/properties.go:400.8,400.25 1 0
github.com/pulumi/pulumi/sdk/v3/go/common/resource/properties.go:400.25,402.3 1 0
github.com/pulumi/pulumi/sdk/v3/go/common/resource/properties.go:402.8,402.25 1 0
github.com/pulumi/pulumi/sdk/v3/go/common/resource/properties.go:402.25,404.3 1 0
github.com/pulumi/pulumi/sdk/v3/go/common/resource/properties.go:405.2,405.14 1 0
github.com/pulumi/pulumi/sdk/v3/go/common/resource/properties.go:409.47,410.18 1 0
github.com/pulumi/pulumi/sdk/v3/go/common/resource/properties.go:410.18,412.3 1 0
github.com/pulumi/pulumi/sdk/v3/go/common/resource/properties.go:412.8,412.27 1 0
github.com/pulumi/pulumi/sdk/v3/go/common/resource/properties.go:412.27,414.3 1 0
github.com/pulumi/pulumi/sdk/v3/go/common/resource/properties.go:414.8,414.25 1 0
github.com/pulumi/pulumi/sdk/v3/go/common/resource/properties.go:414.25,416.3 1 0
github.com/pulumi/pulumi/sdk/v3/go/common/resource/properties.go:416.8,416.24 1 0
github.com/pulumi/pulumi/sdk/v3/go/common/resource/properties.go:416.24,417.36 1 0
github.com/pulumi/pulumi/sdk/v3/go/common/resource/properties.go:417.36,418.27 1 0
github.com/pulumi/pulumi/sdk/v3/go/common/resource/properties.go:418.27,420.5 1 0
github.com/pulumi/pulumi/sdk/v3/go/common/resource/properties.go:422.8,422.25 1 0
github.com/pulumi/pulumi/sdk/v3/go/common/resource/properties.go:422.25,424.3 1 0
github.com/pulumi/pulumi/sdk/v3/go/common/resource/properties.go:425.2,425.14 1 0
github.com/pulumi/pulumi/sdk/v3/go/common/resource/properties.go:429.41,429.62 1 0
github.com/pulumi/pulumi/sdk/v3/go/common/resource/properties.go:432.46,432.70 1 0
github.com/pulumi/pulumi/sdk/v3/go/common/resource/properties.go:435.45,435.68 1 0
github.com/pulumi/pulumi/sdk/v3/go/common/resource/properties.go:438.53,438.85 1 0
github.com/pulumi/pulumi/sdk/v3/go/common/resource/properties.go:441.44,441.67 1 0
github.com/pulumi/pulumi/sdk/v3/go/common/resource/properties.go:444.48,444.73 1 0
github.com/pulumi/pulumi/sdk/v3/go/common/resource/properties.go:447.50,447.78 1 0
github.com/pulumi/pulumi/sdk/v3/go/common/resource/properties.go:450.41,450.66 1 0
github.com/pulumi/pulumi/sdk/v3/go/common/resource/properties.go:453.45,453.68 1 0
github.com/pulumi/pulumi/sdk/v3/go/common/resource/properties.go:456.46,456.70 1 0
github.com/pulumi/pulumi/sdk/v3/go/common/resource/properties.go:459.67,459.101 1 0
github.com/pulumi/pulumi/sdk/v3/go/common/resource/properties.go:462.38,464.2 1 0
github.com/pulumi/pulumi/sdk/v3/go/common/resource/properties.go:467.38,470.2 2 0
github.com/pulumi/pulumi/sdk/v3/go/common/resource/properties.go:473.40,476.2 2 0
github.com/pulumi/pulumi/sdk/v3/go/common/resource/properties.go:479.40,482.2 2 0
github.com/pulumi/pulumi/sdk/v3/go/common/resource/properties.go:485.39,488.2 2 0
github.com/pulumi/pulumi/sdk/v3/go/common/resource/properties.go:491.39,494.2 2 0
github.com/pulumi/pulumi/sdk/v3/go/common/resource/properties.go:497.41,500.2 2 0
github.com/pulumi/pulumi/sdk/v3/go/common/resource/properties.go:503.40,506.2 2 0
github.com/pulumi/pulumi/sdk/v3/go/common/resource/properties.go:509.42,512.2 2 0
github.com/pulumi/pulumi/sdk/v3/go/common/resource/properties.go:515.40,518.2 2 0
github.com/pulumi/pulumi/sdk/v3/go/common/resource/properties.go:521.40,524.2 2 0
github.com/pulumi/pulumi/sdk/v3/go/common/resource/properties.go:527.51,530.2 2 0
github.com/pulumi/pulumi/sdk/v3/go/common/resource/properties.go:533.44,534.16 1 0
github.com/pulumi/pulumi/sdk/v3/go/common/resource/properties.go:534.16,536.3 1 0
github.com/pulumi/pulumi/sdk/v3/go/common/resource/properties.go:536.8,536.23 1 0
github.com/pulumi/pulumi/sdk/v3/go/common/resource/properties.go:536.23,538.3 1 0
github.com/pulumi/pulumi/sdk/v3/go/common/resource/properties.go:538.8,538.25 1 0
github.com/pulumi/pulumi/sdk/v3/go/common/resource/properties.go:538.25,540.3 1 0
github.com/pulumi/pulumi/sdk/v3/go/common/resource/properties.go:540.8,540.25 1 0
github.com/pulumi/pulumi/sdk/v3/go/common/resource/properties.go:540.25,542.3 1 0
github.com/pulumi/pulumi/sdk/v3/go/common/resource/properties.go:542.8,542.24 1 0
github.com/pulumi/pulumi/sdk/v3/go/common/resource/properties.go:542.24,544.3 1 0
github.com/pulumi/pulumi/sdk/v3/go/common/resource/properties.go:544.8,544.24 1 0
github.com/pulumi/pulumi/sdk/v3/go/common/resource/properties.go:544.24,546.3 1 0
github.com/pulumi/pulumi/sdk/v3/go/common/resource/properties.go:546.8,546.26 1 0
github.com/pulumi/pulumi/sdk/v3/go/common/resource/properties.go:546.26,548.3 1 0
github.com/pulumi/pulumi/sdk/v3/go/common/resource/properties.go:548.8,548.25 1 0
github.com/pulumi/pulumi/sdk/v3/go/common/resource/properties.go:548.25,550.3 1 0
github.com/pulumi/pulumi/sdk/v3/go/common/resource/properties.go:550.8,550.27 1 0
github.com/pulumi/pulumi/sdk/v3/go/common/resource/properties.go:550.27,552.3 1 0
github.com/pulumi/pulumi/sdk/v3/go/common/resource/properties.go:552.8,552.25 1 0
github.com/pulumi/pulumi/sdk/v3/go/common/resource/properties.go:552.25,553.29 1 0
github.com/pulumi/pulumi/sdk/v3/go/common/resource/properties.go:553.29,555.4 1 0
github.com/pulumi/pulumi/sdk/v3/go/common/resource/properties.go:555.9,555.36 1 0
github.com/pulumi/pulumi/sdk/v3/go/common/resource/properties.go:555.36,557.4 1 0
github.com/pulumi/pulumi/sdk/v3/go/common/resource/properties.go:558.3,558.46 1 0
github.com/pulumi/pulumi/sdk/v3/go/common/resource/properties.go:559.8,559.25 1 0
github.com/pulumi/pulumi/sdk/v3/go/common/resource/properties.go:559.25,561.3 1 0
github.com/pulumi/pulumi/sdk/v3/go/common/resource/properties.go:561.8,561.36 1 0
github.com/pulumi/pulumi/sdk/v3/go/common/resource/properties.go:561.36,564.3 2 0
github.com/pulumi/pulumi/sdk/v3/go/common/resource/properties.go:565.2,566.11 2 0
github.com/pulumi/pulumi/sdk/v3/go/common/resource/properties.go:570.47,572.2 1 0
github.com/pulumi/pulumi/sdk/v3/go/common/resource/properties.go:578.15,579.18 1 0
github.com/pulumi/pulumi/sdk/v3/go/common/resource/properties.go:579.18,580.33 1 0
github.com/pulumi/pulumi/sdk/v3/go/common/resource/properties.go:580.33,582.4 1 0
github.com/pulumi/pulumi/sdk/v3/go/common/resource/properties.go:584.2,584.16 1 0
github.com/pulumi/pulumi/sdk/v3/go/common/resource/properties.go:584.16,586.3 1 0
github.com/pulumi/pulumi/sdk/v3/go/common/resource/properties.go:586.8,586.23 1 0
github.com/pulumi/pulumi/sdk/v3/go/common/resource/properties.go:586.23,588.3 1 0
github.com/pulumi/pulumi/sdk/v3/go/common/resource/properties.go:588.8,588.25 1 0
github.com/pulumi/pulumi/sdk/v3/go/common/resource/properties.go:588.25,590.3 1 0
github.com/pulumi/pulumi/sdk/v3/go/common/resource/properties.go:590.8,590.25 1 0
github.com/pulumi/pulumi/sdk/v3/go/common/resource/properties.go:590.25,592.3 1 0
github.com/pulumi/pulumi/sdk/v3/go/common/resource/properties.go:592.8,592.24 1 0
github.com/pulumi/pulumi/sdk/v3/go/common/resource/properties.go:592.24,594.36 2 0
github.com/pulumi/pulumi/sdk/v3/go/common/resource/properties.go:594.36,596.4 1 0
github.com/pulumi/pulumi/sdk/v3/go/common/resource/properties.go:597.3,597.13 1 0
github.com/pulumi/pulumi/sdk/v3/go/common/resource/properties.go:598.8,598.24 1 0
github.com/pulumi/pulumi/sdk/v3/go/common/resource/properties.go:598.24,600.3 1 0
github.com/pulumi/pulumi/sdk/v3/go/common/resource/properties.go:600.8,600.26 1 0
github.com/pulumi/pulumi/sdk/v3/go/common/resource/properties.go:600.26,602.3 1 0
github.com/pulumi/pulumi/sdk/v3/go/common/resource/properties.go:602.8,602.27 1 0
github.com/pulumi/pulumi/sdk/v3/go/common/resource/properties.go:602.27,604.3 1 0
github.com/pulumi/pulumi/sdk/v3/go/common/resource/properties.go:604.8,604.25 1 0
github.com/pulumi/pulumi/sdk/v3/go/common/resource/properties.go:604.25,606.3 1 0
github.com/pulumi/pulumi/sdk/v3/go/common/resource/properties.go:606.8,606.25 1 0
github.com/pulumi/pulumi/sdk/v3/go/common/resource/properties.go:606.25,608.3 1 0
github.com/pulumi/pulumi/sdk/v3/go/common/resource/properties.go:608.8,608.36 1 0
github.com/pulumi/pulumi/sdk/v3/go/common/resource/properties.go:608.36,610.3 1 0
github.com/pulumi/pulumi/sdk/v3/go/common/resource/properties.go:611.2,612.46 2 0
github.com/pulumi/pulumi/sdk/v3/go/common/resource/properties.go:616.40,617.20 1 0
github.com/pulumi/pulumi/sdk/v3/go/common/resource/properties.go:617.20,620.3 1 0
github.com/pulumi/pulumi/sdk/v3/go/common/resource/properties.go:620.8,620.25 1 0
github.com/pulumi/pulumi/sdk/v3/go/common/resource/properties.go:620.25,621.29 1 0
github.com/pulumi/pulumi/sdk/v3/go/common/resource/properties.go:621.29,623.4 1 0
github.com/pulumi/pulumi/sdk/v3/go/common/resource/properties.go:623.9,623.36 1 0
github.com/pulumi/pulumi/sdk/v3/go/common/resource/properties.go:623.36,625.4 1 0
github.com/pulumi/pulumi/sdk/v3/go/common/resource/properties.go:626.3,626.42 1 0
github.com/pulumi/pulumi/sdk/v3/go/common/resource/properties.go:629.2,629.33 1 0
github.com/pulumi/pulumi/sdk/v3/go/common/resource/properties.go:643.49,644.40 1 0
github.com/pulumi/pulumi/sdk/v3/go/common/resource/properties.go:644.40,646.3 1 0
github.com/pulumi/pulumi/sdk/v3/go/common/resource/properties.go:647.2,647.14 1 0
github.com/pulumi/pulumi/sdk/v3/go/common/resource/properties.go:661.50,663.2 1 0
github.com/pulumi/pulumi/sdk/v3/go/common/resource/properties_diff.go:32.51,35.2 2 0
github.com/pulumi/pulumi/sdk/v3/go/common/resource/properties_diff.go:38.53,41.2 2 0
github.com/pulumi/pulumi/sdk/v3/go/common/resource/properties_diff.go:44.53,47.2 2 0
github.com/pulumi/pulumi/sdk/v3/go/common/resource/properties_diff.go:50.53,52.2 1 0
github.com/pulumi/pulumi/sdk/v3/go/common/resource/properties_diff.go:56.50,58.2 1 0
github.com/pulumi/pulumi/sdk/v3/go/common/resource/properties_diff.go:61.43,63.2 1 0
github.com/pulumi/pulumi/sdk/v3/go/common/resource/properties_diff.go:66.46,69.27 3 0
github.com/pulumi/pulumi/sdk/v3/go/common/resource/properties_diff.go:69.27,71.3 1 0
github.com/pulumi/pulumi/sdk/v3/go/common/resource/properties_diff.go:72.2,72.30 1 0
github.com/pulumi/pulumi/sdk/v3/go/common/resource/properties_diff.go:72.30,74.3 1 0
github.com/pulumi/pulumi/sdk/v3/go/common/resource/properties_diff.go:75.2,75.28 1 0
github.com/pulumi/pulumi/sdk/v3/go/common/resource/properties_diff.go:75.28,77.3 1 0
github.com/pulumi/pulumi/sdk/v3/go/common/resource/properties_diff.go:78.2,78.30 1 0
github.com/pulumi/pulumi/sdk/v3/go/common/resource/properties_diff.go:78.30,80.3 1 0
github.com/pulumi/pulumi/sdk/v3/go/common/resource/properties_diff.go:81.2,81.37 1 0
github.com/pulumi/pulumi/sdk/v3/go/common/resource/properties_diff.go:81.37,81.61 1 0
github.com/pulumi/pulumi/sdk/v3/go/common/resource/properties_diff.go:82.2,82.11 1 0
github.com/pulumi/pulumi/sdk/v3/go/common/resource/properties_diff.go:86.53,88.17 2 0
github.com/pulumi/pulumi/sdk/v3/go/common/resource/properties_diff.go:88.17,89.33 1 0
github.com/pulumi/pulumi/sdk/v3/go/common/resource/properties_diff.go:89.33,90.23 1 0
github.com/pulumi/pulumi/sdk/v3/go/common/resource/properties_diff.go:90.23,92.5 1 0
github.com/pulumi/pulumi/sdk/v3/go/common/resource/properties_diff.go:95.2,95.11 1 0
github.com/pulumi/pulumi/sdk/v3/go/common/resource/properties_diff.go:115.34,117.27 2 0
github.com/pulumi/pulumi/sdk/v3/go/common/resource/properties_diff.go:117.27,118.19 1 0
github.com/pulumi/pulumi/sdk/v3/go/common/resource/properties_diff.go:118.19,120.4 1 0
github.com/pulumi/pulumi/sdk/v3/go/common/resource/properties_diff.go:122.2,122.30 1 0
github.com/pulumi/pulumi/sdk/v3/go/common/resource/properties_diff.go:122.30,123.19 1 0
github.com/pulumi/pulumi/sdk/v3/go/common/resource/properties_diff.go:123.19,125.4 1 0
github.com/pulumi/pulumi/sdk/v3/go/common/resource/properties_diff.go:127.2,127.28 1 0
github.com/pulumi/pulumi/sdk/v3/go/common/resource/properties_diff.go:127.28,128.19 1 0
github.com/pulumi/pulumi/sdk/v3/go/common/resource/properties_diff.go:128.19,130.4 1 0
github.com/pulumi/pulumi/sdk/v3/go/common/resource/properties_diff.go:132.2,132.30 1 0
github.com/pulumi/pulumi/sdk/v3/go/common/resource/properties_diff.go:132.30,133.19 1 0
github.com/pulumi/pulumi/sdk/v3/go/common/resource/properties_diff.go:133.19,135.4 1 0
github.com/pulumi/pulumi/sdk/v3/go/common/resource/properties_diff.go:137.2,137.15 1 0
github.com/pulumi/pulumi/sdk/v3/go/common/resource/properties_diff.go:144.91,150.39 5 0
github.com/pulumi/pulumi/sdk/v3/go/common/resource/properties_diff.go:150.39,151.34 1 0
github.com/pulumi/pulumi/sdk/v3/go/common/resource/properties_diff.go:151.34,152.16 1 0
github.com/pulumi/pulumi/sdk/v3/go/common/resource/properties_diff.go:152.16,154.5 1 0
github.com/pulumi/pulumi/sdk/v3/go/common/resource/properties_diff.go:156.3,156.15 1 0
github.com/pulumi/pulumi/sdk/v3/go/common/resource/properties_diff.go:160.2,160.28 1 0
github.com/pulumi/pulumi/sdk/v3/go/common/resource/properties_diff.go:160.28,161.16 1 0
github.com/pulumi/pulumi/sdk/v3/go/common/resource/properties_diff.go:161.16,162.12 1 0
github.com/pulumi/pulumi/sdk/v3/go/common/resource/properties_diff.go:165.3,165.32 1 0
github.com/pulumi/pulumi/sdk/v3/go/common/resource/properties_diff.go:165.32,167.22 1 0
github.com/pulumi/pulumi/sdk/v3/go/common/resource/properties_diff.go:167.22,169.5 1 0
github.com/pulumi/pulumi/sdk/v3/go/common/resource/properties_diff.go:169.10,169.64 1 0
github.com/pulumi/pulumi/sdk/v3/go/common/resource/properties_diff.go:169.64,170.24 1 0
github.com/pulumi/pulumi/sdk/v3/go/common/resource/properties_diff.go:170.24,172.6 1 0
github.com/pulumi/pulumi/sdk/v3/go/common/resource/properties_diff.go:172.11,172.31 1 0
github.com/pulumi/pulumi/sdk/v3/go/common/resource/properties_diff.go:172.31,174.6 1 0
github.com/pulumi/pulumi/sdk/v3/go/common/resource/properties_diff.go:174.11,176.6 1 0
github.com/pulumi/pulumi/sdk/v3/go/common/resource/properties_diff.go:177.10,179.5 1 0
github.com/pulumi/pulumi/sdk/v3/go/common/resource/properties_diff.go:180.9,180.28 1 0
github.com/pulumi/pulumi/sdk/v3/go/common/resource/properties_diff.go:180.28,183.4 1 0
github.com/pulumi/pulumi/sdk/v3/go/common/resource/properties_diff.go:187.2,187.28 1 0
github.com/pulumi/pulumi/sdk/v3/go/common/resource/properties_diff.go:187.28,188.16 1 0
github.com/pulumi/pulumi/sdk/v3/go/common/resource/properties_diff.go:188.16,189.12 1 0
github.com/pulumi/pulumi/sdk/v3/go/common/resource/properties_diff.go:192.3,192.49 1 0
github.com/pulumi/pulumi/sdk/v3/go/common/resource/properties_diff.go:192.49,194.4 1 0
github.com/pulumi/pulumi/sdk/v3/go/common/resource/properties_diff.go:198.2,198.62 1 0
github.com/pulumi/pulumi/sdk/v3/go/common/resource/properties_diff.go:198.62,200.3 1 0
github.com/pulumi/pulumi/sdk/v3/go/common/resource/properties_diff.go:201.2,206.3 1 0
github.com/pulumi/pulumi/sdk/v3/go/common/resource/properties_diff.go:210.90,211.36 1 0
github.com/pulumi/pulumi/sdk/v3/go/common/resource/properties_diff.go:211.36,216.40 4 0
github.com/pulumi/pulumi/sdk/v3/go/common/resource/properties_diff.go:216.40,218.4 1 0
github.com/pulumi/pulumi/sdk/v3/go/common/resource/properties_diff.go:220.3,221.40 2 0
github.com/pulumi/pulumi/sdk/v3/go/common/resource/properties_diff.go:221.40,223.4 1 0
github.com/pulumi/pulumi/sdk/v3/go/common/resource/properties_diff.go:225.3,227.49 3 0
github.com/pulumi/pulumi/sdk/v3/go/common/resource/properties_diff.go:227.49,228.48 1 0
github.com/pulumi/pulumi/sdk/v3/go/common/resource/properties_diff.go:228.48,230.5 1 0
github.com/pulumi/pulumi/sdk/v3/go/common/resource/properties_diff.go:230.10,232.5 1 0
github.com/pulumi/pulumi/sdk/v3/go/common/resource/properties_diff.go:235.3,235.63 1 0
github.com/pulumi/pulumi/sdk/v3/go/common/resource/properties_diff.go:235.63,237.4 1 0
github.com/pulumi/pulumi/sdk/v3/go/common/resource/properties_diff.go:238.3,247.4 1 0
github.com/pulumi/pulumi/sdk/v3/go/common/resource/properties_diff.go:249.2,249.38 1 0
github.com/pulumi/pulumi/sdk/v3/go/common/resource/properties_diff.go:249.38,252.56 3 0
github.com/pulumi/pulumi/sdk/v3/go/common/resource/properties_diff.go:252.56,258.4 1 0
github.com/pulumi/pulumi/sdk/v3/go/common/resource/properties_diff.go:259.3,259.13 1 0
github.com/pulumi/pulumi/sdk/v3/go/common/resource/properties_diff.go:263.2,263.25 1 0
github.com/pulumi/pulumi/sdk/v3/go/common/resource/properties_diff.go:263.25,265.3 1 0
github.com/pulumi/pulumi/sdk/v3/go/common/resource/properties_diff.go:266.2,266.39 1 0
github.com/pulumi/pulumi/sdk/v3/go/common/resource/properties_diff.go:270.61,272.39 1 0
github.com/pulumi/pulumi/sdk/v3/go/common/resource/properties_diff.go:272.39,274.30 2 0
github.com/pulumi/pulumi/sdk/v3/go/common/resource/properties_diff.go:274.30,275.24 1 0
github.com/pulumi/pulumi/sdk/v3/go/common/resource/properties_diff.go:275.24,277.5 1 0
github.com/pulumi/pulumi/sdk/v3/go/common/resource/properties_diff.go:278.9,278.26 1 0
github.com/pulumi/pulumi/sdk/v3/go/common/resource/properties_diff.go:278.26,280.4 1 0
github.com/pulumi/pulumi/sdk/v3/go/common/resource/properties_diff.go:284.2,284.39 1 0
github.com/pulumi/pulumi/sdk/v3/go/common/resource/properties_diff.go:284.39,285.54 1 0
github.com/pulumi/pulumi/sdk/v3/go/common/resource/properties_diff.go:285.54,287.4 1 0
github.com/pulumi/pulumi/sdk/v3/go/common/resource/properties_diff.go:290.2,290.13 1 0
github.com/pulumi/pulumi/sdk/v3/go/common/resource/properties_diff.go:294.61,296.17 1 0
github.com/pulumi/pulumi/sdk/v3/go/common/resource/properties_diff.go:296.17,297.23 1 0
github.com/pulumi/pulumi/sdk/v3/go/common/resource/properties_diff.go:297.23,299.4 1 0
github.com/pulumi/pulumi/sdk/v3/go/common/resource/properties_diff.go:300.3,302.25 3 0
github.com/pulumi/pulumi/sdk/v3/go/common/resource/properties_diff.go:302.25,304.4 1 0
github.com/pulumi/pulumi/sdk/v3/go/common/resource/properties_diff.go:305.3,305.27 1 0
github.com/pulumi/pulumi/sdk/v3/go/common/resource/properties_diff.go:305.27,306.31 1 0
github.com/pulumi/pulumi/sdk/v3/go/common/resource/properties_diff.go:306.31,308.5 1 0
github.com/pulumi/pulumi/sdk/v3/go/common/resource/properties_diff.go:310.3,310.14 1 0
github.com/pulumi/pulumi/sdk/v3/go/common/resource/properties_diff.go:314.2,314.17 1 0
github.com/pulumi/pulumi/sdk/v3/go/common/resource/properties_diff.go:314.17,315.23 1 0
github.com/pulumi/pulumi/sdk/v3/go/common/resource/properties_diff.go:315.23,317.4 1 0
github.com/pulumi/pulumi/sdk/v3/go/common/resource/properties_diff.go:318.3,318.51 1 0
github.com/pulumi/pulumi/sdk/v3/go/common/resource/properties_diff.go:319.8,319.26 1 0
github.com/pulumi/pulumi/sdk/v3/go/common/resource/properties_diff.go:319.26,320.25 1 0
github.com/pulumi/pulumi/sdk/v3/go/common/resource/properties_diff.go:320.25,322.4 1 0
github.com/pulumi/pulumi/sdk/v3/go/common/resource/properties_diff.go:323.3,323.55 1 0
github.com/pulumi/pulumi/sdk/v3/go/common/resource/properties_diff.go:327.2,327.18 1 0
github.com/pulumi/pulumi/sdk/v3/go/common/resource/properties_diff.go:327.18,328.24 1 0
github.com/pulumi/pulumi/sdk/v3/go/common/resource/properties_diff.go:328.24,330.4 1 0
github.com/pulumi/pulumi/sdk/v3/go/common/resource/properties_diff.go:331.3,333.27 3 0
github.com/pulumi/pulumi/sdk/v3/go/common/resource/properties_diff.go:337.2,337.18 1 0
github.com/pulumi/pulumi/sdk/v3/go/common/resource/properties_diff.go:337.18,338.24 1 0
github.com/pulumi/pulumi/sdk/v3/go/common/resource/properties_diff.go:338.24,340.4 1 0
github.com/pulumi/pulumi/sdk/v3/go/common/resource/properties_diff.go:341.3,344.43 3 0
github.com/pulumi/pulumi/sdk/v3/go/common/resource/properties_diff.go:348.2,348.29 1 0
github.com/pulumi/pulumi/sdk/v3/go/common/resource/properties_diff.go:348.29,349.35 1 0
github.com/pulumi/pulumi/sdk/v3/go/common/resource/properties_diff.go:349.35,351.4 1 0
github.com/pulumi/pulumi/sdk/v3/go/common/resource/properties_diff.go:352.3,355.23 3 0
github.com/pulumi/pulumi/sdk/v3/go/common/resource/properties_diff.go:355.23,357.4 1 0
github.com/pulumi/pulumi/sdk/v3/go/common/resource/properties_diff.go:359.3,360.43 2 0
github.com/pulumi/pulumi/sdk/v3/go/common/resource/properties_diff.go:360.43,362.4 1 0
github.com/pulumi/pulumi/sdk/v3/go/common/resource/properties_diff.go:363.3,363.29 1 0
github.com/pulumi/pulumi/sdk/v3/go/common/resource/properties_diff.go:367.2,367.18 1 0
github.com/pulumi/pulumi/sdk/v3/go/common/resource/properties_diff.go:367.18,368.24 1 0
github.com/pulumi/pulumi/sdk/v3/go/common/resource/properties_diff.go:368.24,370.4 1 0
github.com/pulumi/pulumi/sdk/v3/go/common/resource/properties_diff.go:371.3,374.27 3 0
github.com/pulumi/pulumi/sdk/v3/go/common/resource/properties_diff.go:374.27,376.4 1 0
github.com/pulumi/pulumi/sdk/v3/go/common/resource/properties_diff.go:377.3,377.29 1 0
github.com/pulumi/pulumi/sdk/v3/go/common/resource/properties_diff.go:377.29,379.4 1 0
github.com/pulumi/pulumi/sdk/v3/go/common/resource/properties_diff.go:382.3,382.51 1 0
github.com/pulumi/pulumi/sdk/v3/go/common/resource/properties_diff.go:382.51,384.4 1 0
github.com/pulumi/pulumi/sdk/v3/go/common/resource/properties_diff.go:385.3,385.39 1 0
github.com/pulumi/pulumi/sdk/v3/go/common/resource/properties_diff.go:385.39,386.33 1 0
github.com/pulumi/pulumi/sdk/v3/go/common/resource/properties_diff.go:386.33,388.5 1 0
github.com/pulumi/pulumi/sdk/v3/go/common/resource/properties_diff.go:391.3,391.43 1 0
github.com/pulumi/pulumi/sdk/v3/go/common/resource/properties_diff.go:395.2,395.23 1 0
github.com/pulumi/pulumi/sdk/v3/go/common/resource/properties_diff.go:399.106,405.39 5 0
github.com/pulumi/pulumi/sdk/v3/go/common/resource/properties_diff.go:405.39,406.34 1 0
github.com/pulumi/pulumi/sdk/v3/go/common/resource/properties_diff.go:406.34,407.16 1 0
github.com/pulumi/pulumi/sdk/v3/go/common/resource/properties_diff.go:407.16,409.5 1 0
github.com/pulumi/pulumi/sdk/v3/go/common/resource/properties_diff.go:411.3,411.15 1 0
github.com/pulumi/pulumi/sdk/v3/go/common/resource/properties_diff.go:415.2,415.28 1 0
github.com/pulumi/pulumi/sdk/v3/go/common/resource/properties_diff.go:415.28,416.16 1 0
github.com/pulumi/pulumi/sdk/v3/go/common/resource/properties_diff.go:416.16,417.12 1 0
github.com/pulumi/pulumi/sdk/v3/go/common/resource/properties_diff.go:420.3,420.32 1 0
github.com/pulumi/pulumi/sdk/v3/go/common/resource/properties_diff.go:420.32,422.22 1 0
github.com/pulumi/pulumi/sdk/v3/go/common/resource/properties_diff.go:422.22,424.5 1 0
github.com/pulumi/pulumi/sdk/v3/go/common/resource/properties_diff.go:424.10,424.79 1 0
github.com/pulumi/pulumi/sdk/v3/go/common/resource/properties_diff.go:424.79,425.24 1 0
github.com/pulumi/pulumi/sdk/v3/go/common/resource/properties_diff.go:425.24,427.6 1 0
github.com/pulumi/pulumi/sdk/v3/go/common/resource/properties_diff.go:427.11,427.31 1 0
github.com/pulumi/pulumi/sdk/v3/go/common/resource/properties_diff.go:427.31,429.6 1 0
github.com/pulumi/pulumi/sdk/v3/go/common/resource/properties_diff.go:429.11,431.6 1 0
github.com/pulumi/pulumi/sdk/v3/go/common/resource/properties_diff.go:432.10,434.5 1 0
github.com/pulumi/pulumi/sdk/v3/go/common/resource/properties_diff.go:435.9,436.24 1 0
github.com/pulumi/pulumi/sdk/v3/go/common/resource/properties_diff.go:436.25,439.5 0 0
github.com/pulumi/pulumi/sdk/v3/go/common/resource/properties_diff.go:439.10,439.29 1 0
github.com/pulumi/pulumi/sdk/v3/go/common/resource/properties_diff.go:439.29,442.5 1 0
github.com/pulumi/pulumi/sdk/v3/go/common/resource/properties_diff.go:447.2,447.28 1 0
github.com/pulumi/pulumi/sdk/v3/go/common/resource/properties_diff.go:447.28,448.16 1 0
github.com/pulumi/pulumi/sdk/v3/go/common/resource/properties_diff.go:448.16,449.12 1 0
github.com/pulumi/pulumi/sdk/v3/go/common/resource/properties_diff.go:452.3,452.49 1 0
github.com/pulumi/pulumi/sdk/v3/go/common/resource/properties_diff.go:452.49,454.4 1 0
github.com/pulumi/pulumi/sdk/v3/go/common/resource/properties_diff.go:458.2,458.62 1 0
github.com/pulumi/pulumi/sdk/v3/go/common/resource/properties_diff.go:458.62,460.3 1 0
github.com/pulumi/pulumi/sdk/v3/go/common/resource/properties_diff.go:461.2,466.3 1 0
github.com/pulumi/pulumi/sdk/v3/go/common/resource/properties_diff.go:470.105,471.36 1 0
github.com/pulumi/pulumi/sdk/v3/go/common/resource/properties_diff.go:471.36,476.40 4 0
github.com/pulumi/pulumi/sdk/v3/go/common/resource/properties_diff.go:476.40,478.4 1 0
github.com/pulumi/pulumi/sdk/v3/go/common/resource/properties_diff.go:480.3,481.40 2 0
github.com/pulumi/pulumi/sdk/v3/go/common/resource/properties_diff.go:481.40,483.4 1 0
github.com/pulumi/pulumi/sdk/v3/go/common/resource/properties_diff.go:485.3,487.49 3 0
github.com/pulumi/pulumi/sdk/v3/go/common/resource/properties_diff.go:487.49,488.63 1 0
github.com/pulumi/pulumi/sdk/v3/go/common/resource/properties_diff.go:488.63,490.5 1 0
github.com/pulumi/pulumi/sdk/v3/go/common/resource/properties_diff.go:490.10,492.5 1 0
github.com/pulumi/pulumi/sdk/v3/go/common/resource/properties_diff.go:495.3,495.63 1 0
github.com/pulumi/pulumi/sdk/v3/go/common/resource/properties_diff.go:495.63,497.4 1 0
github.com/pulumi/pulumi/sdk/v3/go/common/resource/properties_diff.go:498.3,507.4 1 0
github.com/pulumi/pulumi/sdk/v3/go/common/resource/properties_diff.go:509.2,509.38 1 0
github.com/pulumi/pulumi/sdk/v3/go/common/resource/properties_diff.go:509.38,512.71 3 0
github.com/pulumi/pulumi/sdk/v3/go/common/resource/properties_diff.go:512.71,518.4 1 0
github.com/pulumi/pulumi/sdk/v3/go/common/resource/properties_diff.go:519.3,519.13 1 0
github.com/pulumi/pulumi/sdk/v3/go/common/resource/properties_diff.go:523.2,523.40 1 0
github.com/pulumi/pulumi/sdk/v3/go/common/resource/properties_diff.go:523.40,525.3 1 0
github.com/pulumi/pulumi/sdk/v3/go/common/resource/properties_diff.go:526.2,526.39 1 0
github.com/pulumi/pulumi/sdk/v3/go/common/resource/properties_diff.go:529.76,531.39 1 0
github.com/pulumi/pulumi/sdk/v3/go/common/resource/properties_diff.go:531.39,533.30 2 0
github.com/pulumi/pulumi/sdk/v3/go/common/resource/properties_diff.go:533.30,534.39 1 0
github.com/pulumi/pulumi/sdk/v3/go/common/resource/properties_diff.go:534.39,536.5 1 0
github.com/pulumi/pulumi/sdk/v3/go/common/resource/properties_diff.go:537.9,537.45 1 0
github.com/pulumi/pulumi/sdk/v3/go/common/resource/properties_diff.go:537.45,539.4 1 0
github.com/pulumi/pulumi/sdk/v3/go/common/resource/properties_diff.go:543.2,543.39 1 0
github.com/pulumi/pulumi/sdk/v3/go/common/resource/properties_diff.go:543.39,544.54 1 0
github.com/pulumi/pulumi/sdk/v3/go/common/resource/properties_diff.go:544.54,546.4 1 0
github.com/pulumi/pulumi/sdk/v3/go/common/resource/properties_diff.go:549.2,549.13 1 0
github.com/pulumi/pulumi/sdk/v3/go/common/resource/properties_diff.go:552.76,554.42 1 0
github.com/pulumi/pulumi/sdk/v3/go/common/resource/properties_diff.go:554.42,556.3 1 0
github.com/pulumi/pulumi/sdk/v3/go/common/resource/properties_diff.go:559.2,559.17 1 0
github.com/pulumi/pulumi/sdk/v3/go/common/resource/properties_diff.go:559.17,560.23 1 0
github.com/pulumi/pulumi/sdk/v3/go/common/resource/properties_diff.go:560.23,562.4 1 0
github.com/pulumi/pulumi/sdk/v3/go/common/resource/properties_diff.go:563.3,565.25 3 0
github.com/pulumi/pulumi/sdk/v3/go/common/resource/properties_diff.go:565.25,567.4 1 0
github.com/pulumi/pulumi/sdk/v3/go/common/resource/properties_diff.go:568.3,568.27 1 0
github.com/pulumi/pulumi/sdk/v3/go/common/resource/properties_diff.go:568.27,569.46 1 0
github.com/pulumi/pulumi/sdk/v3/go/common/resource/properties_diff.go:569.46,571.5 1 0
github.com/pulumi/pulumi/sdk/v3/go/common/resource/properties_diff.go:573.3,573.14 1 0
github.com/pulumi/pulumi/sdk/v3/go/common/resource/properties_diff.go:577.2,577.17 1 0
github.com/pulumi/pulumi/sdk/v3/go/common/resource/properties_diff.go:577.17,578.23 1 0
github.com/pulumi/pulumi/sdk/v3/go/common/resource/properties_diff.go:578.23,580.4 1 0
github.com/pulumi/pulumi/sdk/v3/go/common/resource/properties_diff.go:581.3,581.51 1 0
github.com/pulumi/pulumi/sdk/v3/go/common/resource/properties_diff.go:582.8,582.26 1 0
github.com/pulumi/pulumi/sdk/v3/go/common/resource/properties_diff.go:582.26,583.25 1 0
github.com/pulumi/pulumi/sdk/v3/go/common/resource/properties_diff.go:583.25,585.4 1 0
[...]
github.com/pulumi/pulumi/sdk/v3/go/common/util/mapper/mapper_decode.go:87.29,93.76 2 0
github.com/pulumi/pulumi/sdk/v3/go/common/util/mapper/mapper_decode.go:93.76,95.4 1 0
github.com/pulumi/pulumi/sdk/v3/go/common/util/mapper/mapper_decode.go:98.3,98.21 1 0
github.com/pulumi/pulumi/sdk/v3/go/common/util/mapper/mapper_decode.go:98.21,104.39 3 0
github.com/pulumi/pulumi/sdk/v3/go/common/util/mapper/mapper_decode.go:104.39,107.30 3 0
github.com/pulumi/pulumi/sdk/v3/go/common/util/mapper/mapper_decode.go:107.30,111.6 2 0
github.com/pulumi/pulumi/sdk/v3/go/common/util/mapper/mapper_decode.go:115.4,116.84 2 0
github.com/pulumi/pulumi/sdk/v3/go/common/util/mapper/mapper_decode.go:116.84,118.5 1 0
github.com/pulumi/pulumi/sdk/v3/go/common/util/mapper/mapper_decode.go:121.4,121.42 1 0
github.com/pulumi/pulumi/sdk/v3/go/common/util/mapper/mapper_decode.go:121.42,124.5 2 0
github.com/pulumi/pulumi/sdk/v3/go/common/util/mapper/mapper_decode.go:126.4,126.60 1 0
github.com/pulumi/pulumi/sdk/v3/go/common/util/mapper/mapper_decode.go:130.2,130.41 1 0
github.com/pulumi/pulumi/sdk/v3/go/common/util/mapper/mapper_decode.go:130.41,133.3 1 0
github.com/pulumi/pulumi/sdk/v3/go/common/util/mapper/mapper_decode.go:135.2,135.12 1 0
github.com/pulumi/pulumi/sdk/v3/go/common/util/mapper/mapper_decode.go:146.31,147.35 1 0
github.com/pulumi/pulumi/sdk/v3/go/common/util/mapper/mapper_decode.go:147.35,150.35 1 0
github.com/pulumi/pulumi/sdk/v3/go/common/util/mapper/mapper_decode.go:150.35,153.4 1 0
github.com/pulumi/pulumi/sdk/v3/go/common/util/mapper/mapper_decode.go:153.9,153.76 1 0
github.com/pulumi/pulumi/sdk/v3/go/common/util/mapper/mapper_decode.go:153.76,156.59 2 0
github.com/pulumi/pulumi/sdk/v3/go/common/util/mapper/mapper_decode.go:156.59,159.5 1 0
github.com/pulumi/pulumi/sdk/v3/go/common/util/mapper/mapper_decode.go:159.10,163.5 2 0
github.com/pulumi/pulumi/sdk/v3/go/common/util/mapper/mapper_decode.go:165.4,166.24 2 0
github.com/pulumi/pulumi/sdk/v3/go/common/util/mapper/mapper_decode.go:167.9,167.45 1 0
github.com/pulumi/pulumi/sdk/v3/go/common/util/mapper/mapper_decode.go:167.45,171.4 1 0
github.com/pulumi/pulumi/sdk/v3/go/common/util/mapper/mapper_decode.go:171.9,171.78 1 0
github.com/pulumi/pulumi/sdk/v3/go/common/util/mapper/mapper_decode.go:171.78,174.35 2 0
github.com/pulumi/pulumi/sdk/v3/go/common/util/mapper/mapper_decode.go:174.35,176.45 2 0
github.com/pulumi/pulumi/sdk/v3/go/common/util/mapper/mapper_decode.go:176.45,179.88 3 0
github.com/pulumi/pulumi/sdk/v3/go/common/util/mapper/mapper_decode.go:179.88,181.7 1 0
github.com/pulumi/pulumi/sdk/v3/go/common/util/mapper/mapper_decode.go:182.6,182.46 1 0
github.com/pulumi/pulumi/sdk/v3/go/common/util/mapper/mapper_decode.go:182.46,184.7 1 0
github.com/pulumi/pulumi/sdk/v3/go/common/util/mapper/mapper_decode.go:186.5,186.36 1 0
github.com/pulumi/pulumi/sdk/v3/go/common/util/mapper/mapper_decode.go:188.4,188.13 1 0
github.com/pulumi/pulumi/sdk/v3/go/common/util/mapper/mapper_decode.go:189.9,189.74 1 0
github.com/pulumi/pulumi/sdk/v3/go/common/util/mapper/mapper_decode.go:189.74,192.36 2 0
github.com/pulumi/pulumi/sdk/v3/go/common/util/mapper/mapper_decode.go:192.36,194.41 2 0
github.com/pulumi/pulumi/sdk/v3/go/common/util/mapper/mapper_decode.go:194.41,197.81 3 0
github.com/pulumi/pulumi/sdk/v3/go/common/util/mapper/mapper_decode.go:197.81,199.7 1 0
github.com/pulumi/pulumi/sdk/v3/go/common/util/mapper/mapper_decode.go:200.6,200.42 1 0
github.com/pulumi/pulumi/sdk/v3/go/common/util/mapper/mapper_decode.go:200.42,202.7 1 0
github.com/pulumi/pulumi/sdk/v3/go/common/util/mapper/mapper_decode.go:204.5,204.46 1 0
github.com/pulumi/pulumi/sdk/v3/go/common/util/mapper/mapper_decode.go:204.46,207.90 3 0
github.com/pulumi/pulumi/sdk/v3/go/common/util/mapper/mapper_decode.go:207.90,209.7 1 0
github.com/pulumi/pulumi/sdk/v3/go/common/util/mapper/mapper_decode.go:210.6,210.47 1 0
github.com/pulumi/pulumi/sdk/v3/go/common/util/mapper/mapper_decode.go:210.47,212.7 1 0
github.com/pulumi/pulumi/sdk/v3/go/common/util/mapper/mapper_decode.go:214.5,214.28 1 0
github.com/pulumi/pulumi/sdk/v3/go/common/util/mapper/mapper_decode.go:216.4,216.11 1 0
github.com/pulumi/pulumi/sdk/v3/go/common/util/mapper/mapper_decode.go:217.9,217.55 1 0
github.com/pulumi/pulumi/sdk/v3/go/common/util/mapper/mapper_decode.go:217.55,220.54 2 0
github.com/pulumi/pulumi/sdk/v3/go/common/util/mapper/mapper_decode.go:220.54,223.19 2 0
github.com/pulumi/pulumi/sdk/v3/go/common/util/mapper/mapper_decode.go:223.19,225.6 1 0
github.com/pulumi/pulumi/sdk/v3/go/common/util/mapper/mapper_decode.go:226.5,226.34 1 0
github.com/pulumi/pulumi/sdk/v3/go/common/util/mapper/mapper_decode.go:227.10,227.110 1 0
github.com/pulumi/pulumi/sdk/v3/go/common/util/mapper/mapper_decode.go:227.110,230.33 2 0
github.com/pulumi/pulumi/sdk/v3/go/common/util/mapper/mapper_decode.go:230.33,232.6 1 0
github.com/pulumi/pulumi/sdk/v3/go/common/util/mapper/mapper_decode.go:232.11,234.6 1 0
github.com/pulumi/pulumi/sdk/v3/go/common/util/mapper/mapper_decode.go:235.5,235.50 1 0
github.com/pulumi/pulumi/sdk/v3/go/common/util/mapper/mapper_decode.go:235.50,237.6 1 0
github.com/pulumi/pulumi/sdk/v3/go/common/util/mapper/mapper_decode.go:238.5,238.41 1 0
github.com/pulumi/pulumi/sdk/v3/go/common/util/mapper/mapper_decode.go:239.10,243.5 1 0
github.com/pulumi/pulumi/sdk/v3/go/common/util/mapper/mapper_decode.go:244.9,244.49 1 0
github.com/pulumi/pulumi/sdk/v3/go/common/util/mapper/mapper_decode.go:244.49,247.53 2 0
github.com/pulumi/pulumi/sdk/v3/go/common/util/mapper/mapper_decode.go:247.53,249.66 2 0
github.com/pulumi/pulumi/sdk/v3/go/common/util/mapper/mapper_decode.go:249.66,251.6 1 0
github.com/pulumi/pulumi/sdk/v3/go/common/util/mapper/mapper_decode.go:252.5,252.24 1 0
github.com/pulumi/pulumi/sdk/v3/go/common/util/mapper/mapper_decode.go:253.10,254.10 1 0
github.com/pulumi/pulumi/sdk/v3/go/common/util/mapper/mapper_decode.go:256.9,257.9 1 0
github.com/pulumi/pulumi/sdk/v3/go/common/util/mapper/mapper_decode.go:260.2,260.17 1 0
github.com/pulumi/pulumi/sdk/v3/go/common/util/mapper/mapper_encode.go:24.85,25.19 1 0
github.com/pulumi/pulumi/sdk/v3/go/common/util/mapper/mapper_encode.go:25.19,27.3 1 0
github.com/pulumi/pulumi/sdk/v3/go/common/util/mapper/mapper_encode.go:28.2,28.43 1 0
github.com/pulumi/pulumi/sdk/v3/go/common/util/mapper/mapper_encode.go:31.85,36.36 3 0
github.com/pulumi/pulumi/sdk/v3/go/common/util/mapper/mapper_encode.go:36.36,37.19 1 0
github.com/pulumi/pulumi/sdk/v3/go/common/util/mapper/mapper_encode.go:37.19,39.4 1 0
github.com/pulumi/pulumi/sdk/v3/go/common/util/mapper/mapper_encode.go:40.3,41.25 2 0
github.com/pulumi/pulumi/sdk/v3/go/common/util/mapper/mapper_encode.go:43.2,50.58 4 0
github.com/pulumi/pulumi/sdk/v3/go/common/util/mapper/mapper_encode.go:50.58,51.19 1 0
github.com/pulumi/pulumi/sdk/v3/go/common/util/mapper/mapper_encode.go:51.19,55.18 4 0
github.com/pulumi/pulumi/sdk/v3/go/common/util/mapper/mapper_encode.go:55.18,57.5 1 0
github.com/pulumi/pulumi/sdk/v3/go/common/util/mapper/mapper_encode.go:57.10,57.23 1 0
github.com/pulumi/pulumi/sdk/v3/go/common/util/mapper/mapper_encode.go:57.23,58.51 1 0
github.com/pulumi/pulumi/sdk/v3/go/common/util/mapper/mapper_encode.go:58.51,61.6 1 0
github.com/pulumi/pulumi/sdk/v3/go/common/util/mapper/mapper_encode.go:62.10,64.5 1 0
github.com/pulumi/pulumi/sdk/v3/go/common/util/mapper/mapper_encode.go:69.2,70.19 2 0
github.com/pulumi/pulumi/sdk/v3/go/common/util/mapper/mapper_encode.go:70.19,72.3 1 0
github.com/pulumi/pulumi/sdk/v3/go/common/util/mapper/mapper_encode.go:73.2,73.17 1 0
github.com/pulumi/pulumi/sdk/v3/go/common/util/mapper/mapper_encode.go:77.74,78.14 1 0
github.com/pulumi/pulumi/sdk/v3/go/common/util/mapper/mapper_encode.go:78.14,80.3 1 0
github.com/pulumi/pulumi/sdk/v3/go/common/util/mapper/mapper_encode.go:81.2,81.43 1 0
github.com/pulumi/pulumi/sdk/v3/go/common/util/mapper/mapper_encode.go:84.79,88.29 2 0
github.com/pulumi/pulumi/sdk/v3/go/common/util/mapper/mapper_encode.go:90.20,91.26 1 0
github.com/pulumi/pulumi/sdk/v3/go/common/util/mapper/mapper_encode.go:92.78,93.34 1 0
github.com/pulumi/pulumi/sdk/v3/go/common/util/mapper/mapper_encode.go:94.100,95.35 1 0
github.com/pulumi/pulumi/sdk/v3/go/common/util/mapper/mapper_encode.go:96.40,97.27 1 0
github.com/pulumi/pulumi/sdk/v3/go/common/util/mapper/mapper_encode.go:98.22,99.28 1 0
github.com/pulumi/pulumi/sdk/v3/go/common/util/mapper/mapper_encode.go:102.19,103.19 1 0
github.com/pulumi/pulumi/sdk/v3/go/common/util/mapper/mapper_encode.go:103.19,105.4 1 0
github.com/pulumi/pulumi/sdk/v3/go/common/util/mapper/mapper_encode.go:106.3,106.37 1 0
github.com/pulumi/pulumi/sdk/v3/go/common/util/mapper/mapper_encode.go:109.21,110.19 1 0
github.com/pulumi/pulumi/sdk/v3/go/common/util/mapper/mapper_encode.go:110.19,112.4 1 0
github.com/pulumi/pulumi/sdk/v3/go/common/util/mapper/mapper_encode.go:114.3,116.35 3 0
github.com/pulumi/pulumi/sdk/v3/go/common/util/mapper/mapper_encode.go:116.35,118.51 2 0
github.com/pulumi/pulumi/sdk/v3/go/common/util/mapper/mapper_encode.go:118.51,120.5 1 0
github.com/pulumi/pulumi/sdk/v3/go/common/util/mapper/mapper_encode.go:120.10,122.5 1 0
github.com/pulumi/pulumi/sdk/v3/go/common/util/mapper/mapper_encode.go:124.3,124.18 1 0
github.com/pulumi/pulumi/sdk/v3/go/common/util/mapper/mapper_encode.go:124.18,126.4 1 0
github.com/pulumi/pulumi/sdk/v3/go/common/util/mapper/mapper_encode.go:127.3,127.36 1 0
github.com/pulumi/pulumi/sdk/v3/go/common/util/mapper/mapper_encode.go:128.19,129.19 1 0
github.com/pulumi/pulumi/sdk/v3/go/common/util/mapper/mapper_encode.go:129.19,131.4 1 0
github.com/pulumi/pulumi/sdk/v3/go/common/util/mapper/mapper_encode.go:132.3,138.19 6 0
github.com/pulumi/pulumi/sdk/v3/go/common/util/mapper/mapper_encode.go:138.19,139.60 1 0
github.com/pulumi/pulumi/sdk/v3/go/common/util/mapper/mapper_encode.go:139.60,141.5 1 0
github.com/pulumi/pulumi/sdk/v3/go/common/util/mapper/mapper_encode.go:141.10,143.5 1 0
github.com/pulumi/pulumi/sdk/v3/go/common/util/mapper/mapper_encode.go:145.3,145.18 1 0
github.com/pulumi/pulumi/sdk/v3/go/common/util/mapper/mapper_encode.go:145.18,147.4 1 0
github.com/pulumi/pulumi/sdk/v3/go/common/util/mapper/mapper_encode.go:148.3,148.36 1 0
github.com/pulumi/pulumi/sdk/v3/go/common/util/mapper/mapper_encode.go:151.22,152.25 1 0
github.com/pulumi/pulumi/sdk/v3/go/common/util/mapper/mapper_encode.go:153.25,154.19 1 0
github.com/pulumi/pulumi/sdk/v3/go/common/util/mapper/mapper_encode.go:154.19,156.4 1 0
github.com/pulumi/pulumi/sdk/v3/go/common/util/mapper/mapper_encode.go:157.3,157.37 1 0
github.com/pulumi/pulumi/sdk/v3/go/common/util/mapper/mapper_encode.go:158.10,159.68 1 0
github.com/pulumi/pulumi/sdk/v3/go/common/util/mapper/mapper_encode.go:162.2,162.17 1 0
github.com/pulumi/pulumi/sdk/v3/go/common/util/mapper/object.go:22.96,23.48 1 0
github.com/pulumi/pulumi/sdk/v3/go/common/util/mapper/object.go:23.48,25.3 1 0
github.com/pulumi/pulumi/sdk/v3/go/common/util/mapper/object.go:26.2,27.76 1 0
github.com/pulumi/pulumi/sdk/v3/go/common/util/mapper/object.go:31.81,32.29 1 0
github.com/pulumi/pulumi/sdk/v3/go/common/util/mapper/object.go:32.29,34.3 1 0
github.com/pulumi/pulumi/sdk/v3/go/common/util/mapper/object.go:35.2,35.79 1 0
github.com/pulumi/pulumi/sdk/v3/go/common/util/mapper/object.go:42.40,43.29 1 0
github.com/pulumi/pulumi/sdk/v3/go/common/util/mapper/object.go:43.29,45.3 1 0
github.com/pulumi/pulumi/sdk/v3/go/common/util/mapper/object.go:45.8,45.22 1 0
github.com/pulumi/pulumi/sdk/v3/go/common/util/mapper/object.go:45.22,48.3 1 0
github.com/pulumi/pulumi/sdk/v3/go/common/util/mapper/object.go:49.2,49.17 1 0
github.com/pulumi/pulumi/sdk/v3/go/common/util/mapper/object.go:54.112,55.29 1 0
github.com/pulumi/pulumi/sdk/v3/go/common/util/mapper/object.go:55.29,57.3 1 0
github.com/pulumi/pulumi/sdk/v3/go/common/util/mapper/object.go:57.8,57.22 1 0
github.com/pulumi/pulumi/sdk/v3/go/common/util/mapper/object.go:57.22,60.3 1 0
github.com/pulumi/pulumi/sdk/v3/go/common/util/mapper/object.go:61.2,61.17 1 0
github.com/pulumi/pulumi/sdk/v3/go/common/util/result/result.go:35.33,39.2 2 0
github.com/pulumi/pulumi/sdk/v3/go/common/util/result/result.go:41.36,43.2 1 0
github.com/pulumi/pulumi/sdk/v3/go/common/util/result/result.go:46.59,48.2 1 0
github.com/pulumi/pulumi/sdk/v3/go/common/util/result/result.go:51.62,55.2 3 0
github.com/pulumi/pulumi/sdk/v3/go/common/util/result/result.go:58.29,59.16 1 0
github.com/pulumi/pulumi/sdk/v3/go/common/util/result/result.go:59.16,61.3 1 0
github.com/pulumi/pulumi/sdk/v3/go/common/util/result/result.go:63.2,65.11 3 0
github.com/pulumi/pulumi/sdk/v3/go/common/util/result/result.go:98.38,98.54 1 0
github.com/pulumi/pulumi/sdk/v3/go/common/util/result/result.go:99.38,99.61 1 0
github.com/pulumi/pulumi/sdk/v3/go/common/util/result/result.go:100.40,101.18 1 0
github.com/pulumi/pulumi/sdk/v3/go/common/util/result/result.go:101.18,103.3 1 0
github.com/pulumi/pulumi/sdk/v3/go/common/util/result/result.go:104.2,104.40 1 0
github.com/pulumi/pulumi/sdk/v3/go/common/util/result/result.go:107.42,108.18 1 0
github.com/pulumi/pulumi/sdk/v3/go/common/util/result/result.go:108.18,110.3 1 0
github.com/pulumi/pulumi/sdk/v3/go/common/util/result/result.go:111.2,111.54 1 0
github.com/pulumi/pulumi/sdk/v3/go/common/util/result/result.go:116.20,118.2 1 0
github.com/pulumi/pulumi/sdk/v3/go/common/util/result/result.go:122.53,125.2 2 0
github.com/pulumi/pulumi/sdk/v3/go/common/util/result/result.go:129.31,132.2 2 0
github.com/pulumi/pulumi/sdk/v3/go/common/util/result/result.go:138.34,139.16 1 0
github.com/pulumi/pulumi/sdk/v3/go/common/util/result/result.go:139.16,142.42 1 0
github.com/pulumi/pulumi/sdk/v3/go/common/util/result/result.go:145.2,145.17 1 0
github.com/pulumi/pulumi/sdk/v3/go/common/util/result/result.go:145.17,147.3 1 0
github.com/pulumi/pulumi/sdk/v3/go/common/util/result/result.go:149.2,149.32 1 0
github.com/pulumi/pulumi/sdk/v3/go/common/util/result/result.go:153.37,154.16 1 0
github.com/pulumi/pulumi/sdk/v3/go/common/util/result/result.go:154.16,156.3 1 0
github.com/pulumi/pulumi/sdk/v3/go/common/util/result/result.go:158.2,158.23 1 0
github.com/pulumi/pulumi/sdk/v3/go/common/util/result/result.go:164.19,166.2 1 0
github.com/pulumi/pulumi/sdk/v3/go/common/util/result/result.go:171.45,172.9 1 0
github.com/pulumi/pulumi/sdk/v3/go/common/util/result/result.go:174.34,175.13 1 0
github.com/pulumi/pulumi/sdk/v3/go/common/util/result/result.go:179.19,180.14 1 0
github.com/pulumi/pulumi/sdk/v3/go/common/util/result/result.go:181.19,182.14 1 0
github.com/pulumi/pulumi/sdk/v3/go/common/util/result/result.go:185.38,186.16 1 0
github.com/pulumi/pulumi/sdk/v3/go/common/util/result/result.go:195.21,196.14 1 0
github.com/pulumi/pulumi/sdk/v3/go/common/util/result/result.go:197.21,198.14 1 0
github.com/pulumi/pulumi/sdk/v3/go/common/util/result/result.go:201.10,202.66 1 0
github.com/pulumi/pulumi/sdk/v3/go/common/util/retry/until.go:63.92,65.20 2 0
github.com/pulumi/pulumi/sdk/v3/go/common/util/retry/until.go:65.20,67.3 1 0
github.com/pulumi/pulumi/sdk/v3/go/common/util/retry/until.go:70.2,71.27 2 0
github.com/pulumi/pulumi/sdk/v3/go/common/util/retry/until.go:71.27,73.3 1 0
github.com/pulumi/pulumi/sdk/v3/go/common/util/retry/until.go:73.8,75.3 1 0
github.com/pulumi/pulumi/sdk/v3/go/common/util/retry/until.go:76.2,77.29 2 0
github.com/pulumi/pulumi/sdk/v3/go/common/util/retry/until.go:77.29,79.3 1 0
github.com/pulumi/pulumi/sdk/v3/go/common/util/retry/until.go:79.8,81.3 1 0
github.com/pulumi/pulumi/sdk/v3/go/common/util/retry/until.go:82.2,83.30 2 0
github.com/pulumi/pulumi/sdk/v3/go/common/util/retry/until.go:83.30,85.3 1 0
github.com/pulumi/pulumi/sdk/v3/go/common/util/retry/until.go:85.8,87.3 1 0
github.com/pulumi/pulumi/sdk/v3/go/common/util/retry/until.go:90.2,91.6 2 0
github.com/pulumi/pulumi/sdk/v3/go/common/util/retry/until.go:91.6,92.23 1 0
github.com/pulumi/pulumi/sdk/v3/go/common/util/retry/until.go:92.23,94.4 1 0
github.com/pulumi/pulumi/sdk/v3/go/common/util/retry/until.go:97.3,98.22 2 0
github.com/pulumi/pulumi/sdk/v3/go/common/util/retry/until.go:98.22,100.4 1 0
github.com/pulumi/pulumi/sdk/v3/go/common/util/retry/until.go:103.3,103.10 1 0
github.com/pulumi/pulumi/sdk/v3/go/common/util/retry/until.go:104.27,104.27 0 0
github.com/pulumi/pulumi/sdk/v3/go/common/util/retry/until.go:106.21,107.26 1 0
github.com/pulumi/pulumi/sdk/v3/go/common/util/retry/until.go:110.3,111.8 2 0
github.com/pulumi/pulumi/sdk/v3/go/common/util/retry/until.go:120.79,122.2 1 0
github.com/pulumi/pulumi/sdk/v3/go/common/util/retry/until.go:125.107,131.2 5 0
github.com/pulumi/pulumi/sdk/v3/go/common/util/retry/until.go:134.109,140.2 5 0
github.com/pulumi/pulumi/sdk/v3/nodejs/npm/manager.go:34.78,36.16 2 0
github.com/pulumi/pulumi/sdk/v3/nodejs/npm/manager.go:36.16,38.3 1 0
github.com/pulumi/pulumi/sdk/v3/nodejs/npm/manager.go:39.2,39.42 1 0
github.com/pulumi/pulumi/sdk/v3/nodejs/npm/manager.go:46.106,48.16 2 4
github.com/pulumi/pulumi/sdk/v3/nodejs/npm/manager.go:48.16,50.3 1 0
github.com/pulumi/pulumi/sdk/v3/nodejs/npm/manager.go:51.2,54.16 3 4
github.com/pulumi/pulumi/sdk/v3/nodejs/npm/manager.go:54.16,56.3 1 0
github.com/pulumi/pulumi/sdk/v3/nodejs/npm/manager.go:62.2,63.52 2 4
github.com/pulumi/pulumi/sdk/v3/nodejs/npm/manager.go:63.52,64.25 1 0
github.com/pulumi/pulumi/sdk/v3/nodejs/npm/manager.go:64.25,66.4 1 0
github.com/pulumi/pulumi/sdk/v3/nodejs/npm/manager.go:69.3,69.68 1 0
github.com/pulumi/pulumi/sdk/v3/nodejs/npm/manager.go:72.2,72.18 1 4
github.com/pulumi/pulumi/sdk/v3/nodejs/npm/manager.go:80.64,82.40 1 4
github.com/pulumi/pulumi/sdk/v3/nodejs/npm/manager.go:82.40,85.17 2 2
github.com/pulumi/pulumi/sdk/v3/nodejs/npm/manager.go:85.17,87.4 1 2
github.com/pulumi/pulumi/sdk/v3/nodejs/npm/manager.go:88.3,88.84 1 0
github.com/pulumi/pulumi/sdk/v3/nodejs/npm/manager.go:91.2,92.16 2 2
github.com/pulumi/pulumi/sdk/v3/nodejs/npm/manager.go:92.16,95.3 1 0
github.com/pulumi/pulumi/sdk/v3/nodejs/npm/manager.go:97.2,97.18 1 2
github.com/pulumi/pulumi/sdk/v3/nodejs/npm/manager.go:101.24,103.2 1 4
github.com/pulumi/pulumi/sdk/v3/nodejs/npm/npm.go:21.36,27.2 3 2
github.com/pulumi/pulumi/sdk/v3/nodejs/npm/npm.go:29.39,31.2 1 2
github.com/pulumi/pulumi/sdk/v3/nodejs/npm/npm.go:33.115,39.2 5 2
github.com/pulumi/pulumi/sdk/v3/nodejs/npm/npm.go:41.84,46.16 2 4
github.com/pulumi/pulumi/sdk/v3/nodejs/npm/npm.go:46.16,48.3 1 2
github.com/pulumi/pulumi/sdk/v3/nodejs/npm/npm.go:51.2,51.59 1 4
github.com/pulumi/pulumi/sdk/v3/nodejs/npm/npm.go:54.97,64.16 7 0
github.com/pulumi/pulumi/sdk/v3/nodejs/npm/npm.go:64.16,66.3 1 0
github.com/pulumi/pulumi/sdk/v3/nodejs/npm/npm.go:70.2,74.16 4 0
github.com/pulumi/pulumi/sdk/v3/nodejs/npm/npm.go:74.16,77.3 2 0
github.com/pulumi/pulumi/sdk/v3/nodejs/npm/npm.go:79.2,79.25 1 0
github.com/pulumi/pulumi/sdk/v3/nodejs/npm/yarn.go:24.45,30.2 3 2
github.com/pulumi/pulumi/sdk/v3/nodejs/npm/yarn.go:32.40,34.2 1 2
github.com/pulumi/pulumi/sdk/v3/nodejs/npm/yarn.go:36.116,41.2 4 2
github.com/pulumi/pulumi/sdk/v3/nodejs/npm/yarn.go:44.85,47.16 2 2
github.com/pulumi/pulumi/sdk/v3/nodejs/npm/yarn.go:47.16,49.3 1 1
github.com/pulumi/pulumi/sdk/v3/nodejs/npm/yarn.go:52.2,52.59 1 2
github.com/pulumi/pulumi/sdk/v3/nodejs/npm/yarn.go:55.76,63.16 4 2
github.com/pulumi/pulumi/sdk/v3/nodejs/npm/yarn.go:63.16,65.3 1 0
github.com/pulumi/pulumi/sdk/v3/nodejs/npm/yarn.go:66.2,66.12 1 2
github.com/pulumi/pulumi/sdk/v3/nodejs/npm/yarn.go:72.98,84.16 2 0
github.com/pulumi/pulumi/sdk/v3/nodejs/npm/yarn.go:84.16,86.3 1 0
github.com/pulumi/pulumi/sdk/v3/nodejs/npm/yarn.go:87.2,89.15 2 0
github.com/pulumi/pulumi/sdk/v3/nodejs/npm/yarn.go:89.15,92.3 2 0
github.com/pulumi/pulumi/sdk/v3/nodejs/npm/yarn.go:95.2,99.16 4 0
github.com/pulumi/pulumi/sdk/v3/nodejs/npm/yarn.go:99.16,101.3 1 0
github.com/pulumi/pulumi/sdk/v3/nodejs/npm/yarn.go:104.2,105.16 2 0
github.com/pulumi/pulumi/sdk/v3/nodejs/npm/yarn.go:105.16,107.3 1 0
github.com/pulumi/pulumi/sdk/v3/nodejs/npm/yarn.go:109.2,109.21 1 0
github.com/pulumi/pulumi/sdk/v3/nodejs/npm/yarn.go:115.37,119.2 3 2
